Post Processor Report
OrCAD FILE: C:\PROJECTS\ORCAD\PV_BOOST\PV_BOOST.MAX
Wed Jun 05 19:48:25 2019

*********************************************************

Output file: C:\PROJECTS\ORCAD\PV_BOOST\PV_BOOST.TOP

Aperture totals for C:\PROJECTS\ORCAD\PV_BOOST\PV_BOOST.TOP:
---------------------------------------------------------
D10:  0.1300 ROUND  --       0 Draws,      24 Flashes
D11:  0.0800 ROUND  --       0 Draws,      10 Flashes
D12:  0.0800 SQUARE --       0 Draws,      10 Flashes
D13:  0.0820 ROUND  --       0 Draws,       5 Flashes
D14:  0.0820 SQUARE --       0 Draws,       5 Flashes
D15:  0.0600 SQUARE --       0 Draws,      96 Flashes
D16:  0.0550 ROUND  --       0 Draws,      38 Flashes
D17:  0.0550 SQUARE --       0 Draws,       4 Flashes
D18:  0.0640 x 0.1000 RECTANGLE -----       2 Flashes
D19:  0.1000 x 0.0640 RECTANGLE -----       6 Flashes
D20:  0.0520 ROUND  --       0 Draws,      16 Flashes
D21:  0.0750 ROUND  --       0 Draws,       6 Flashes
D22:  0.0750 SQUARE --       0 Draws,       3 Flashes
D23:  0.2000 SQUARE --       0 Draws,       2 Flashes
D24:  0.1181 x 0.2756 RECTANGLE -----       2 Flashes
D25:  0.0620 ROUND  --       0 Draws,       8 Flashes
D26:  0.0500 x 0.0340 RECTANGLE -----       1 Flashes
D27:  0.0400 x 0.0340 RECTANGLE -----       2 Flashes
D28:  0.0250 x 0.0860 OBLONG    -----      14 Flashes
D29:  0.0250 x 0.0860 RECTANGLE -----       2 Flashes
D30:  0.0250 x 0.0940 OBLONG    -----      13 Flashes
D31:  0.0250 x 0.0940 RECTANGLE -----       1 Flashes
D32:  0.1040 ROUND  --       0 Draws,       8 Flashes
D33:  0.0500 ROUND  --       0 Draws,      29 Flashes
D34:  0.0010 ROUND  --   30171 Draws,       0 Flashes
D35:  0.0100 ROUND  --     132 Draws,       0 Flashes
D36:  0.0120 ROUND  --     207 Draws,       0 Flashes
D37:  0.0080 ROUND  --      16 Draws,       0 Flashes
D38:  0.0300 ROUND  --     102 Draws,       0 Flashes
D39:  0.0200 ROUND  --      60 Draws,       0 Flashes
D40:  0.0500 ROUND  --     227 Draws,       0 Flashes
D41:  0.2000 ROUND  --       2 Draws,       0 Flashes
D42:  0.1000 ROUND  --       1 Draws,       0 Flashes
---------------------------------------------------------
 33 D-Codes      -----   30918 Draws,     307 Flashes

*********************************************************

Output file: C:\PROJECTS\ORCAD\PV_BOOST\PV_BOOST.BOT

Aperture totals for C:\PROJECTS\ORCAD\PV_BOOST\PV_BOOST.BOT:
---------------------------------------------------------
D10:  0.1300 ROUND  --       0 Draws,      24 Flashes
D11:  0.0800 ROUND  --       0 Draws,      10 Flashes
D12:  0.0800 SQUARE --       0 Draws,      10 Flashes
D13:  0.0820 ROUND  --       0 Draws,       5 Flashes
D14:  0.0820 SQUARE --       0 Draws,       5 Flashes
D15:  0.0600 SQUARE --       0 Draws,      18 Flashes
D16:  0.0550 ROUND  --       0 Draws,      38 Flashes
D17:  0.0550 SQUARE --       0 Draws,       4 Flashes
D20:  0.0520 ROUND  --       0 Draws,      16 Flashes
D21:  0.0750 ROUND  --       0 Draws,       6 Flashes
D22:  0.0750 SQUARE --       0 Draws,       3 Flashes
D23:  0.2000 SQUARE --       0 Draws,       2 Flashes
D25:  0.0620 ROUND  --       0 Draws,       8 Flashes
D32:  0.1040 ROUND  --       0 Draws,       8 Flashes
D33:  0.0500 ROUND  --       0 Draws,      29 Flashes
D34:  0.0010 ROUND  --   11501 Draws,       0 Flashes
D35:  0.0100 ROUND  --     126 Draws,       0 Flashes
D36:  0.0120 ROUND  --     104 Draws,       0 Flashes
D38:  0.0300 ROUND  --       8 Draws,       0 Flashes
D40:  0.0500 ROUND  --     118 Draws,       0 Flashes
D43:  0.0050 ROUND  --    9983 Draws,       0 Flashes
D61:  0.0600 ROUND  --      10 Draws,       0 Flashes
---------------------------------------------------------
 22 D-Codes      -----   21850 Draws,     186 Flashes

*********************************************************

Output file: C:\PROJECTS\ORCAD\PV_BOOST\PV_BOOST.GND

Aperture totals for C:\PROJECTS\ORCAD\PV_BOOST\PV_BOOST.GND:
---------------------------------------------------------
D10:  0.1300 ROUND  --       0 Draws,      24 Flashes
D21:  0.0750 ROUND  --       0 Draws,      44 Flashes
D22:  0.0750 SQUARE --       0 Draws,       4 Flashes
D40:  0.0500 ROUND  --       4 Draws,       0 Flashes
D44:  0.1000 ROUND  --       0 Draws,      10 Flashes
D45:  0.1000 SQUARE --       0 Draws,      10 Flashes
D46:  0.1020 ROUND  --       0 Draws,       5 Flashes
D47:  0.1020 SQUARE --       0 Draws,       5 Flashes
D48:  0.0720 ROUND  --       0 Draws,      16 Flashes
D49:  0.0950 ROUND  --       0 Draws,       6 Flashes
D50:  0.0950 SQUARE --       0 Draws,       3 Flashes
D51:  0.2000 ROUND  --       0 Draws,       2 Flashes
D52:  0.0700 ROUND  --       0 Draws,       8 Flashes
D53:  0.1100 ROUND  --       0 Draws,       8 Flashes
D54:  0.0650 ROUND  --       0 Draws,      23 Flashes
---------------------------------------------------------
 15 D-Codes      -----       4 Draws,     168 Flashes

*********************************************************

Output file: C:\PROJECTS\ORCAD\PV_BOOST\PV_BOOST.PWR

Aperture totals for C:\PROJECTS\ORCAD\PV_BOOST\PV_BOOST.PWR:
---------------------------------------------------------
D10:  0.1300 ROUND  --       0 Draws,      24 Flashes
D21:  0.0750 ROUND  --       0 Draws,      44 Flashes
D22:  0.0750 SQUARE --       0 Draws,       4 Flashes
D40:  0.0500 ROUND  --       4 Draws,       0 Flashes
D44:  0.1000 ROUND  --       0 Draws,      10 Flashes
D45:  0.1000 SQUARE --       0 Draws,      10 Flashes
D46:  0.1020 ROUND  --       0 Draws,       5 Flashes
D47:  0.1020 SQUARE --       0 Draws,       5 Flashes
D48:  0.0720 ROUND  --       0 Draws,      16 Flashes
D49:  0.0950 ROUND  --       0 Draws,       6 Flashes
D50:  0.0950 SQUARE --       0 Draws,       3 Flashes
D51:  0.2000 ROUND  --       0 Draws,       2 Flashes
D52:  0.0700 ROUND  --       0 Draws,       8 Flashes
D53:  0.1100 ROUND  --       0 Draws,       8 Flashes
D54:  0.0650 ROUND  --       0 Draws,      23 Flashes
---------------------------------------------------------
 15 D-Codes      -----       4 Draws,     168 Flashes

*********************************************************

Output file: C:\PROJECTS\ORCAD\PV_BOOST\PV_BOOST.SMT

Aperture totals for C:\PROJECTS\ORCAD\PV_BOOST\PV_BOOST.SMT:
---------------------------------------------------------
D10:  0.1300 ROUND  --       0 Draws,      24 Flashes
D11:  0.0800 ROUND  --       0 Draws,      10 Flashes
D12:  0.0800 SQUARE --       0 Draws,      10 Flashes
D13:  0.0820 ROUND  --       0 Draws,       5 Flashes
D14:  0.0820 SQUARE --       0 Draws,       5 Flashes
D15:  0.0600 SQUARE --       0 Draws,      96 Flashes
D16:  0.0550 ROUND  --       0 Draws,      44 Flashes
D17:  0.0550 SQUARE --       0 Draws,       4 Flashes
D18:  0.0640 x 0.1000 RECTANGLE -----       2 Flashes
D19:  0.1000 x 0.0640 RECTANGLE -----       6 Flashes
D20:  0.0520 ROUND  --       0 Draws,      16 Flashes
D21:  0.0750 ROUND  --       0 Draws,       6 Flashes
D22:  0.0750 SQUARE --       0 Draws,       3 Flashes
D24:  0.1181 x 0.2756 RECTANGLE -----       2 Flashes
D26:  0.0500 x 0.0340 RECTANGLE -----       1 Flashes
D27:  0.0400 x 0.0340 RECTANGLE -----       2 Flashes
D28:  0.0250 x 0.0860 OBLONG    -----      14 Flashes
D29:  0.0250 x 0.0860 RECTANGLE -----       2 Flashes
D30:  0.0250 x 0.0940 OBLONG    -----      13 Flashes
D31:  0.0250 x 0.0940 RECTANGLE -----       1 Flashes
D55:  0.1600 ROUND  --       0 Draws,       2 Flashes
D56:  0.0670 ROUND  --       0 Draws,       8 Flashes
D57:  0.1090 ROUND  --       0 Draws,       8 Flashes
D58:  0.0600 ROUND  --       0 Draws,      23 Flashes
---------------------------------------------------------
 24 D-Codes      -----       0 Draws,     307 Flashes

*********************************************************

Output file: C:\PROJECTS\ORCAD\PV_BOOST\PV_BOOST.SMB

Aperture totals for C:\PROJECTS\ORCAD\PV_BOOST\PV_BOOST.SMB:
---------------------------------------------------------
D10:  0.1300 ROUND  --       0 Draws,      24 Flashes
D11:  0.0800 ROUND  --       0 Draws,      10 Flashes
D12:  0.0800 SQUARE --       0 Draws,      10 Flashes
D13:  0.0820 ROUND  --       0 Draws,       5 Flashes
D14:  0.0820 SQUARE --       0 Draws,       5 Flashes
D15:  0.0600 SQUARE --       0 Draws,      18 Flashes
D16:  0.0550 ROUND  --       0 Draws,      44 Flashes
D17:  0.0550 SQUARE --       0 Draws,       4 Flashes
D20:  0.0520 ROUND  --       0 Draws,      16 Flashes
D21:  0.0750 ROUND  --       0 Draws,       6 Flashes
D22:  0.0750 SQUARE --       0 Draws,       3 Flashes
D55:  0.1600 ROUND  --       0 Draws,       2 Flashes
D56:  0.0670 ROUND  --       0 Draws,       8 Flashes
D57:  0.1090 ROUND  --       0 Draws,       8 Flashes
D58:  0.0600 ROUND  --       0 Draws,      23 Flashes
---------------------------------------------------------
 15 D-Codes      -----       0 Draws,     186 Flashes

*********************************************************

Output file: C:\PROJECTS\ORCAD\PV_BOOST\PV_BOOST.SST

Aperture totals for C:\PROJECTS\ORCAD\PV_BOOST\PV_BOOST.SST:
---------------------------------------------------------
D34:  0.0010 ROUND  --      67 Draws,       0 Flashes
D35:  0.0100 ROUND  --      35 Draws,       0 Flashes
D37:  0.0080 ROUND  --     657 Draws,       0 Flashes
D55:  0.1600 ROUND  --       0 Draws,       2 Flashes
D59:  0.0060 ROUND  --    1202 Draws,       0 Flashes
D60:  0.0098 ROUND  --      14 Draws,       0 Flashes
---------------------------------------------------------
  6 D-Codes      -----    1975 Draws,       2 Flashes

*********************************************************

Output file: C:\PROJECTS\ORCAD\PV_BOOST\PV_BOOST.SSB

Aperture totals for C:\PROJECTS\ORCAD\PV_BOOST\PV_BOOST.SSB:
---------------------------------------------------------
D37:  0.0080 ROUND  --      30 Draws,       0 Flashes
D55:  0.1600 ROUND  --       0 Draws,       2 Flashes
D59:  0.0060 ROUND  --     211 Draws,       0 Flashes
---------------------------------------------------------
  3 D-Codes      -----     241 Draws,       2 Flashes

*********************************************************

Output file: C:\PROJECTS\ORCAD\PV_BOOST\PV_BOOST.AST

Aperture totals for C:\PROJECTS\ORCAD\PV_BOOST\PV_BOOST.AST:
---------------------------------------------------------
D11:  0.0800 ROUND  --       0 Draws,      10 Flashes
D12:  0.0800 SQUARE --       0 Draws,      10 Flashes
D13:  0.0820 ROUND  --       0 Draws,       5 Flashes
D14:  0.0820 SQUARE --       0 Draws,       5 Flashes
D15:  0.0600 SQUARE --       0 Draws,      96 Flashes
D16:  0.0550 ROUND  --       0 Draws,      15 Flashes
D17:  0.0550 SQUARE --       0 Draws,       4 Flashes
D18:  0.0640 x 0.1000 RECTANGLE -----       2 Flashes
D19:  0.1000 x 0.0640 RECTANGLE -----       6 Flashes
D20:  0.0520 ROUND  --       0 Draws,      16 Flashes
D21:  0.0750 ROUND  --       0 Draws,       6 Flashes
D22:  0.0750 SQUARE --       0 Draws,       3 Flashes
D24:  0.1181 x 0.2756 RECTANGLE -----       2 Flashes
D26:  0.0500 x 0.0340 RECTANGLE -----       1 Flashes
D27:  0.0400 x 0.0340 RECTANGLE -----       2 Flashes
D28:  0.0250 x 0.0860 OBLONG    -----      14 Flashes
D29:  0.0250 x 0.0860 RECTANGLE -----       2 Flashes
D30:  0.0250 x 0.0940 OBLONG    -----      13 Flashes
D31:  0.0250 x 0.0940 RECTANGLE -----       1 Flashes
D37:  0.0080 ROUND  --     347 Draws,       0 Flashes
D40:  0.0500 ROUND  --       4 Draws,       0 Flashes
D55:  0.1600 ROUND  --       0 Draws,       2 Flashes
D59:  0.0060 ROUND  --     238 Draws,       0 Flashes
---------------------------------------------------------
 23 D-Codes      -----     589 Draws,     215 Flashes

*********************************************************

Output file: C:\PROJECTS\ORCAD\PV_BOOST\PV_BOOST.DRD

Aperture totals for C:\PROJECTS\ORCAD\PV_BOOST\PV_BOOST.DRD:
---------------------------------------------------------
D35:  0.0100 ROUND  --    1676 Draws,       0 Flashes
D40:  0.0500 ROUND  --       4 Draws,       0 Flashes
---------------------------------------------------------
  2 D-Codes      -----    1680 Draws,       0 Flashes


*********************************************************

Aperture totals for entire project:
---------------------------------------------------------
D10:  0.1300 ROUND  --       0 Draws,     144 Flashes
D11:  0.0800 ROUND  --       0 Draws,      50 Flashes
D12:  0.0800 SQUARE --       0 Draws,      50 Flashes
D13:  0.0820 ROUND  --       0 Draws,      25 Flashes
D14:  0.0820 SQUARE --       0 Draws,      25 Flashes
D15:  0.0600 SQUARE --       0 Draws,     324 Flashes
D16:  0.0550 ROUND  --       0 Draws,     179 Flashes
D17:  0.0550 SQUARE --       0 Draws,      20 Flashes
D18:  0.0640 x 0.1000 RECTANGLE -----       6 Flashes
D19:  0.1000 x 0.0640 RECTANGLE -----      18 Flashes
D20:  0.0520 ROUND  --       0 Draws,      80 Flashes
D21:  0.0750 ROUND  --       0 Draws,     118 Flashes
D22:  0.0750 SQUARE --       0 Draws,      23 Flashes
D23:  0.2000 SQUARE --       0 Draws,       4 Flashes
D24:  0.1181 x 0.2756 RECTANGLE -----       6 Flashes
D25:  0.0620 ROUND  --       0 Draws,      16 Flashes
D26:  0.0500 x 0.0340 RECTANGLE -----       3 Flashes
D27:  0.0400 x 0.0340 RECTANGLE -----       6 Flashes
D28:  0.0250 x 0.0860 OBLONG    -----      42 Flashes
D29:  0.0250 x 0.0860 RECTANGLE -----       6 Flashes
D30:  0.0250 x 0.0940 OBLONG    -----      39 Flashes
D31:  0.0250 x 0.0940 RECTANGLE -----       3 Flashes
D32:  0.1040 ROUND  --       0 Draws,      16 Flashes
D33:  0.0500 ROUND  --       0 Draws,      58 Flashes
D34:  0.0010 ROUND  --   41739 Draws,       0 Flashes
D35:  0.0100 ROUND  --    1969 Draws,       0 Flashes
D36:  0.0120 ROUND  --     311 Draws,       0 Flashes
D37:  0.0080 ROUND  --    1050 Draws,       0 Flashes
D38:  0.0300 ROUND  --     110 Draws,       0 Flashes
D39:  0.0200 ROUND  --      60 Draws,       0 Flashes
D40:  0.0500 ROUND  --     361 Draws,       0 Flashes
D41:  0.2000 ROUND  --       2 Draws,       0 Flashes
D42:  0.1000 ROUND  --       1 Draws,       0 Flashes
D43:  0.0050 ROUND  --    9983 Draws,       0 Flashes
D44:  0.1000 ROUND  --       0 Draws,      20 Flashes
D45:  0.1000 SQUARE --       0 Draws,      20 Flashes
D46:  0.1020 ROUND  --       0 Draws,      10 Flashes
D47:  0.1020 SQUARE --       0 Draws,      10 Flashes
D48:  0.0720 ROUND  --       0 Draws,      32 Flashes
D49:  0.0950 ROUND  --       0 Draws,      12 Flashes
D50:  0.0950 SQUARE --       0 Draws,       6 Flashes
D51:  0.2000 ROUND  --       0 Draws,       4 Flashes
D52:  0.0700 ROUND  --       0 Draws,      16 Flashes
D53:  0.1100 ROUND  --       0 Draws,      16 Flashes
D54:  0.0650 ROUND  --       0 Draws,      46 Flashes
D55:  0.1600 ROUND  --       0 Draws,      10 Flashes
D56:  0.0670 ROUND  --       0 Draws,      16 Flashes
D57:  0.1090 ROUND  --       0 Draws,      16 Flashes
D58:  0.0600 ROUND  --       0 Draws,      46 Flashes
D59:  0.0060 ROUND  --    1651 Draws,       0 Flashes
D60:  0.0098 ROUND  --      14 Draws,       0 Flashes
D61:  0.0600 ROUND  --      10 Draws,       0 Flashes
---------------------------------------------------------
 52 D-Codes      -----   57261 Draws,    1541 Flashes


No warnings or errors.
