Mon Dec 31 21:05:02 Log file reset
Mon Dec 31 21:05:02 Loaded file BACKUP0.MAX
Mon Dec 31 21:05:15 Saved as file C:\PROJECTS\ORCAD\SWITCH\SWITCH.MAX
Mon Dec 31 21:05:18 Loaded file C:\PROGRAM FILES\ORCAD\LAYOUT_PLUS\data\template.imp
Mon Dec 31 21:05:18 Loaded file C:\PROGRAM FILES\ORCAD\LAYOUT_PLUS\data\template.imp
Mon Dec 31 21:05:19 Loaded file C:\PROGRAM FILES\ORCAD\LAYOUT_PLUS\data\template.imp
Mon Dec 31 21:05:19 Loaded file C:\PROGRAM FILES\ORCAD\LAYOUT_PLUS\data\template.imp
Mon Dec 31 21:05:22 Loaded file C:\PROGRAM FILES\ORCAD\LAYOUT_PLUS\data\template.imp
Mon Dec 31 21:05:31 Saved as file C:\PROJECTS\ORCAD\SWITCH\SWITCH.MAX
Mon Dec 31 21:12:49 Saved as file C:\PROJECTS\ORCAD\SWITCH\SWITCH.MAX
Mon Dec 31 21:13:57 Loaded file C:\PROJECTS\ORCAD\ZZL.LLB
Mon Dec 31 21:13:57 Loaded file C:\Program Files\OrCAD\Layout_Plus\library\BCON100T.llb
Mon Dec 31 21:13:57 Loaded file C:\Program Files\OrCAD\Layout_Plus\library\BCON156T.llb
Mon Dec 31 21:13:57 Loaded file C:\Program Files\OrCAD\Layout_Plus\library\BGA.llb
Mon Dec 31 21:13:57 Loaded file C:\Program Files\OrCAD\Layout_Plus\library\CLCC.llb
Mon Dec 31 21:13:57 Loaded file C:\Program Files\OrCAD\Layout_Plus\library\DCON050T.llb
Mon Dec 31 21:13:57 Loaded file C:\Program Files\OrCAD\Layout_Plus\library\DCON085T.llb
Mon Dec 31 21:13:57 Loaded file C:\Program Files\OrCAD\Layout_Plus\library\DIMM050F.llb
Mon Dec 31 21:13:57 Loaded file C:\Program Files\OrCAD\Layout_Plus\library\DIMM050T.llb
Mon Dec 31 21:13:57 Loaded file C:\Program Files\OrCAD\Layout_Plus\library\DIN.llb
Mon Dec 31 21:13:57 Loaded file C:\Program Files\OrCAD\Layout_Plus\library\DIP100B.llb
Mon Dec 31 21:13:57 Loaded file C:\Program Files\OrCAD\Layout_Plus\library\DIP100T.llb
Mon Dec 31 21:13:57 Loaded file C:\Program Files\OrCAD\Layout_Plus\library\DSUBT.llb
Mon Dec 31 21:13:57 Loaded file C:\Program Files\OrCAD\Layout_Plus\library\DSUBT_HD.LLB
Mon Dec 31 21:13:57 Loaded file C:\Program Files\OrCAD\Layout_Plus\library\ECON100T.llb
Mon Dec 31 21:13:57 Loaded file C:\Program Files\OrCAD\Layout_Plus\library\FBUS.llb
Mon Dec 31 21:13:57 Loaded file C:\Program Files\OrCAD\Layout_Plus\library\ISA.llb
Mon Dec 31 21:13:57 Loaded file C:\Program Files\OrCAD\Layout_Plus\library\JUMPER.LLB
Mon Dec 31 21:13:57 Loaded file C:\Program Files\OrCAD\Layout_Plus\library\LAYOUT.llb
Mon Dec 31 21:13:57 Loaded file C:\Program Files\OrCAD\Layout_Plus\library\LCON100T.llb
Mon Dec 31 21:13:57 Loaded file C:\Program Files\OrCAD\Layout_Plus\library\PC104.llb
Mon Dec 31 21:13:57 Loaded file C:\Program Files\OrCAD\Layout_Plus\library\PCI.llb
Mon Dec 31 21:13:57 Loaded file C:\Program Files\OrCAD\Layout_Plus\library\PCON100T.llb
Mon Dec 31 21:13:57 Loaded file C:\Program Files\OrCAD\Layout_Plus\library\PCON156T.llb
Mon Dec 31 21:13:57 Loaded file C:\Program Files\OrCAD\Layout_Plus\library\PGA.llb
Mon Dec 31 21:13:57 Loaded file C:\Program Files\OrCAD\Layout_Plus\library\PLCC.llb
Mon Dec 31 21:13:57 Loaded file C:\Program Files\OrCAD\Layout_Plus\library\QUAD.llb
Mon Dec 31 21:13:57 Loaded file C:\Program Files\OrCAD\Layout_Plus\library\QUADB.llb
Mon Dec 31 21:13:57 Loaded file C:\Program Files\OrCAD\Layout_Plus\library\RELAY.llb
Mon Dec 31 21:13:57 Loaded file C:\Program Files\OrCAD\Layout_Plus\library\RF.llb
Mon Dec 31 21:13:57 Loaded file C:\Program Files\OrCAD\Layout_Plus\library\SBUS.llb
Mon Dec 31 21:13:57 Loaded file C:\Program Files\OrCAD\Layout_Plus\library\SIMM050F.llb
Mon Dec 31 21:13:57 Loaded file C:\Program Files\OrCAD\Layout_Plus\library\SIMM050T.llb
Mon Dec 31 21:13:57 Loaded file C:\Program Files\OrCAD\Layout_Plus\library\SIMM100F.llb
Mon Dec 31 21:13:57 Loaded file C:\Program Files\OrCAD\Layout_Plus\library\SIMM100T.llb
Mon Dec 31 21:13:57 Loaded file C:\Program Files\OrCAD\Layout_Plus\library\SIP.llb
Mon Dec 31 21:13:57 Loaded file C:\Program Files\OrCAD\Layout_Plus\library\SM.llb
Mon Dec 31 21:24:16 Saved as file BACKUP1.MAX
Mon Dec 31 21:27:09 Loaded file C:\Program Files\OrCAD\Layout_Plus\data\template.imp
Mon Dec 31 21:27:09 Loaded file C:\Program Files\OrCAD\Layout_Plus\data\template.imp
Mon Dec 31 21:27:22 Saved as file C:\PROJECTS\ORCAD\SWITCH\SWITCH.MAX
Tue Jan 01 17:28:45 Loaded file C:\Program Files\OrCAD\Layout_Plus\data\template.imp
Tue Jan 01 17:28:45 Loaded file C:\Program Files\OrCAD\Layout_Plus\data\template.imp
Tue Jan 01 17:28:47 Loaded file C:\PROJECTS\ORCAD\ZZL.LLB
Tue Jan 01 17:28:48 Loaded file C:\Program Files\OrCAD\Layout_Plus\data\template.imp
Tue Jan 01 17:28:52 Loaded file C:\Program Files\OrCAD\Layout_Plus\data\template.imp
Tue Jan 01 17:28:53 Loaded file C:\Program Files\OrCAD\Layout_Plus\data\template.imp
Tue Jan 01 17:28:54 Loaded file C:\Program Files\OrCAD\Layout_Plus\data\template.imp
Tue Jan 01 17:28:56 Loaded file C:\Program Files\OrCAD\Layout_Plus\data\template.imp
Tue Jan 01 17:28:57 Loaded file C:\Program Files\OrCAD\Layout_Plus\data\template.imp
Tue Jan 01 17:28:59 Loaded file C:\Program Files\OrCAD\Layout_Plus\data\template.imp
Tue Jan 01 17:29:00 Loaded file C:\Program Files\OrCAD\Layout_Plus\data\template.imp
Tue Jan 01 17:29:01 Loaded file C:\Program Files\OrCAD\Layout_Plus\data\template.imp
Tue Jan 01 17:29:03 Loaded file C:\Program Files\OrCAD\Layout_Plus\data\template.imp
Tue Jan 01 17:29:05 Loaded file C:\Program Files\OrCAD\Layout_Plus\data\template.imp
Tue Jan 01 17:29:06 Loaded file C:\Program Files\OrCAD\Layout_Plus\data\template.imp
Tue Jan 01 17:29:08 Loaded file C:\Program Files\OrCAD\Layout_Plus\data\template.imp
Tue Jan 01 17:29:10 Loaded file C:\Program Files\OrCAD\Layout_Plus\data\template.imp
Tue Jan 01 17:29:11 Loaded file C:\Program Files\OrCAD\Layout_Plus\data\template.imp
Tue Jan 01 17:29:13 Loaded file C:\Program Files\OrCAD\Layout_Plus\data\template.imp
Tue Jan 01 17:29:14 Loaded file C:\Program Files\OrCAD\Layout_Plus\data\template.imp
Tue Jan 01 17:29:16 Loaded file C:\Program Files\OrCAD\Layout_Plus\data\template.imp
Tue Jan 01 17:29:17 Loaded file C:\Program Files\OrCAD\Layout_Plus\data\template.imp
Tue Jan 01 17:29:22 Loaded file C:\Program Files\OrCAD\Layout_Plus\data\template.imp
Tue Jan 01 17:30:00 Loaded file C:\Program Files\OrCAD\Layout_Plus\data\template.imp
Tue Jan 01 17:30:02 Loaded file C:\Program Files\OrCAD\Layout_Plus\data\template.imp
Tue Jan 01 17:30:03 Loaded file C:\Program Files\OrCAD\Layout_Plus\data\template.imp
Tue Jan 01 17:30:05 Loaded file C:\Program Files\OrCAD\Layout_Plus\data\template.imp
Tue Jan 01 17:30:06 Loaded file C:\Program Files\OrCAD\Layout_Plus\data\template.imp
Tue Jan 01 17:30:08 Loaded file C:\Program Files\OrCAD\Layout_Plus\data\template.imp
Tue Jan 01 17:30:10 Loaded file C:\Program Files\OrCAD\Layout_Plus\data\template.imp
Tue Jan 01 17:30:11 Loaded file C:\Program Files\OrCAD\Layout_Plus\data\template.imp
Tue Jan 01 17:30:13 Loaded file C:\Program Files\OrCAD\Layout_Plus\data\template.imp
Tue Jan 01 17:30:13 Loaded file C:\Program Files\OrCAD\Layout_Plus\data\template.imp
Tue Jan 01 17:30:14 Loaded file C:\Program Files\OrCAD\Layout_Plus\data\template.imp
Tue Jan 01 17:30:18 Loaded file C:\Program Files\OrCAD\Layout_Plus\data\template.imp
Tue Jan 01 17:30:19 Loaded file C:\Program Files\OrCAD\Layout_Plus\data\template.imp
Tue Jan 01 17:30:40 Saved as file C:\PROJECTS\ORCAD\SWITCH\SWITCH.MAX
Tue Jan 01 17:31:03 Loaded file C:\Program Files\OrCAD\Layout_Plus\data\template.imp
Tue Jan 01 17:31:03 Loaded file C:\Program Files\OrCAD\Layout_Plus\data\template.imp
Tue Jan 01 17:31:03 Loaded file C:\Program Files\OrCAD\Layout_Plus\data\template.imp
Tue Jan 01 17:31:03 Loaded file C:\Program Files\OrCAD\Layout_Plus\data\template.imp
Tue Jan 01 17:31:06 Loaded file C:\PROJECTS\ORCAD\ZZL.LLB
Tue Jan 01 17:31:07 Loaded file C:\Program Files\OrCAD\Layout_Plus\data\template.imp
Tue Jan 01 17:31:10 Loaded file C:\Program Files\OrCAD\Layout_Plus\data\template.imp
Tue Jan 01 17:31:11 Loaded file C:\Program Files\OrCAD\Layout_Plus\data\template.imp
Tue Jan 01 17:31:19 Loaded file C:\Program Files\OrCAD\Layout_Plus\data\template.imp
Tue Jan 01 17:31:19 Loaded file C:\Program Files\OrCAD\Layout_Plus\data\template.imp
Tue Jan 01 17:31:19 Loaded file C:\Program Files\OrCAD\Layout_Plus\data\template.imp
Tue Jan 01 17:31:19 Loaded file C:\Program Files\OrCAD\Layout_Plus\data\template.imp
Tue Jan 01 17:31:20 Loaded file C:\PROJECTS\ORCAD\ZZL.LLB
Tue Jan 01 17:31:22 Loaded file C:\Program Files\OrCAD\Layout_Plus\data\template.imp
Tue Jan 01 17:31:23 Loaded file C:\Program Files\OrCAD\Layout_Plus\data\template.imp
Tue Jan 01 17:34:51 Saved as file C:\PROJECTS\ORCAD\SWITCH\SWITCH.MAX
Tue Jan 01 17:34:51 Saved as file BACKUP1.MAX
Tue Jan 01 17:34:51 Saved as file C:\PROJECTS\ORCAD\SWITCH\SWITCH.MAX
Tue Jan 01 17:34:52 UserDiv from Layout.INI for AutoECO: 60
Tue Jan 01 17:34:52 Loaded file C:\PROJECTS\ORCAD\SWITCH\SWITCH.MAX
Tue Jan 01 17:34:52 Loaded file C:\PROJECTS\ORCAD\ZZL.LLB
Tue Jan 01 17:34:52 Loaded file C:\Program Files\OrCAD\Layout_Plus\library\BCON100T.llb
Tue Jan 01 17:34:52 Loaded file C:\Program Files\OrCAD\Layout_Plus\library\BCON156T.llb
Tue Jan 01 17:34:52 Loaded file C:\Program Files\OrCAD\Layout_Plus\library\BGA.llb
Tue Jan 01 17:34:52 Loaded file C:\Program Files\OrCAD\Layout_Plus\library\CLCC.llb
Tue Jan 01 17:34:52 Loaded file C:\Program Files\OrCAD\Layout_Plus\library\DCON050T.llb
Tue Jan 01 17:34:52 Loaded file C:\Program Files\OrCAD\Layout_Plus\library\DCON085T.llb
Tue Jan 01 17:34:52 Loaded file C:\Program Files\OrCAD\Layout_Plus\library\DIMM050F.llb
Tue Jan 01 17:34:52 Loaded file C:\Program Files\OrCAD\Layout_Plus\library\DIMM050T.llb
Tue Jan 01 17:34:52 Loaded file C:\Program Files\OrCAD\Layout_Plus\library\DIN.llb
Tue Jan 01 17:34:52 Loaded file C:\Program Files\OrCAD\Layout_Plus\library\DIP100B.llb
Tue Jan 01 17:34:52 Loaded file C:\Program Files\OrCAD\Layout_Plus\library\DIP100T.llb
Tue Jan 01 17:34:52 Loaded file C:\Program Files\OrCAD\Layout_Plus\library\DSUBT.llb
Tue Jan 01 17:34:52 Loaded file C:\Program Files\OrCAD\Layout_Plus\library\DSUBT_HD.LLB
Tue Jan 01 17:34:52 Loaded file C:\Program Files\OrCAD\Layout_Plus\library\ECON100T.llb
Tue Jan 01 17:34:52 Loaded file C:\Program Files\OrCAD\Layout_Plus\library\FBUS.llb
Tue Jan 01 17:34:52 Loaded file C:\Program Files\OrCAD\Layout_Plus\library\ISA.llb
Tue Jan 01 17:34:52 Loaded file C:\Program Files\OrCAD\Layout_Plus\library\JUMPER.LLB
Tue Jan 01 17:34:52 Loaded file C:\Program Files\OrCAD\Layout_Plus\library\LAYOUT.llb
Tue Jan 01 17:34:52 Loaded file C:\Program Files\OrCAD\Layout_Plus\library\LCON100T.llb
Tue Jan 01 17:34:52 Loaded file C:\Program Files\OrCAD\Layout_Plus\library\PC104.llb
Tue Jan 01 17:34:52 Loaded file C:\Program Files\OrCAD\Layout_Plus\library\PCI.llb
Tue Jan 01 17:34:52 Loaded file C:\Program Files\OrCAD\Layout_Plus\library\PCON100T.llb
Tue Jan 01 17:34:52 Loaded file C:\Program Files\OrCAD\Layout_Plus\library\PCON156T.llb
Tue Jan 01 17:34:52 Loaded file C:\Program Files\OrCAD\Layout_Plus\library\PGA.llb
Tue Jan 01 17:34:52 Loaded file C:\Program Files\OrCAD\Layout_Plus\library\PLCC.llb
Tue Jan 01 17:34:52 Loaded file C:\Program Files\OrCAD\Layout_Plus\library\QUAD.llb
Tue Jan 01 17:34:52 Loaded file C:\Program Files\OrCAD\Layout_Plus\library\QUADB.llb
Tue Jan 01 17:34:52 Loaded file C:\Program Files\OrCAD\Layout_Plus\library\RELAY.llb
Tue Jan 01 17:34:52 Loaded file C:\Program Files\OrCAD\Layout_Plus\library\RF.llb
Tue Jan 01 17:34:52 Loaded file C:\Program Files\OrCAD\Layout_Plus\library\SBUS.llb
Tue Jan 01 17:34:52 Loaded file C:\Program Files\OrCAD\Layout_Plus\library\SIMM050F.llb
Tue Jan 01 17:34:52 Loaded file C:\Program Files\OrCAD\Layout_Plus\library\SIMM050T.llb
Tue Jan 01 17:34:52 Loaded file C:\Program Files\OrCAD\Layout_Plus\library\SIMM100F.llb
Tue Jan 01 17:34:52 Loaded file C:\Program Files\OrCAD\Layout_Plus\library\SIMM100T.llb
Tue Jan 01 17:34:52 Loaded file C:\Program Files\OrCAD\Layout_Plus\library\SIP.llb
Tue Jan 01 17:34:52 Loaded file C:\Program Files\OrCAD\Layout_Plus\library\SM.llb
Tue Jan 01 17:34:52 Loaded file C:\Program Files\OrCAD\Layout_Plus\library\SOG.llb
Tue Jan 01 17:34:52 Loaded file C:\Program Files\OrCAD\Layout_Plus\library\SOJ.llb
Tue Jan 01 17:34:52 Loaded file C:\Program Files\OrCAD\Layout_Plus\library\STIFF.llb
Tue Jan 01 17:34:52 Loaded file C:\Program Files\OrCAD\Layout_Plus\library\TELE.llb
Tue Jan 01 17:34:52 Loaded file C:\Program Files\OrCAD\Layout_Plus\library\TM_AXIAL.llb
Tue Jan 01 17:34:52 Loaded file C:\Program Files\OrCAD\Layout_Plus\library\TM_CAP_P.llb
Tue Jan 01 17:34:52 Loaded file C:\Program Files\OrCAD\Layout_Plus\library\TM_CYLND.llb
Tue Jan 01 17:34:52 Loaded file C:\Program Files\OrCAD\Layout_Plus\library\TM_DIODE.llb
Tue Jan 01 17:34:52 Loaded file C:\Program Files\OrCAD\Layout_Plus\library\TM_DISC.llb
Tue Jan 01 17:34:52 Loaded file C:\Program Files\OrCAD\Layout_Plus\library\TM_RAD.llb
Tue Jan 01 17:34:52 Loaded file C:\Program Files\OrCAD\Layout_Plus\library\TO.llb
Tue Jan 01 17:34:52 Loaded file C:\Program Files\OrCAD\Layout_Plus\library\TRAINING.LLB
Tue Jan 01 17:34:52 Loaded file C:\Program Files\OrCAD\Layout_Plus\library\VRES.llb
Tue Jan 01 17:34:52 Loaded file C:\Program Files\OrCAD\Layout_Plus\library\WCON100T.llb
Tue Jan 01 17:34:52 Loaded file C:\Program Files\OrCAD\Layout_Plus\library\XT.llb
Tue Jan 01 17:34:52 Loaded file C:\Program Files\OrCAD\Layout_Plus\library\ZIGZAG.llb
Tue Jan 01 17:34:52 Loaded file C:\Program Files\OrCAD\Layout_Plus\library\TM_RAD.llb
Tue Jan 01 17:34:52 Loaded file C:\Program Files\OrCAD\Layout_Plus\library\SM.llb
Tue Jan 01 17:34:52 Loaded file C:\Program Files\OrCAD\Layout_Plus\library\TM_RAD.llb
Tue Jan 01 17:34:52 Loaded file C:\Program Files\OrCAD\Layout_Plus\library\SIP.llb
Tue Jan 01 17:34:52 Loaded file C:\PROJECTS\ORCAD\ZZL.LLB
Tue Jan 01 17:34:52 Loaded file C:\PROJECTS\ORCAD\ZZL.LLB
Tue Jan 01 17:34:52 Loaded file C:\Program Files\OrCAD\Layout_Plus\library\TO.llb
Tue Jan 01 17:34:52 Saved as file C:\PROJECTS\ORCAD\SWITCH\SWITCH.MAX
Tue Jan 01 17:34:52 Loaded file C:\PROJECTS\ORCAD\SWITCH\SWITCH.MAX
Tue Jan 01 17:35:06 Loaded file C:\Program Files\OrCAD\Layout_Plus\data\template.imp
Tue Jan 01 17:35:06 Loaded file C:\Program Files\OrCAD\Layout_Plus\data\template.imp
Tue Jan 01 17:35:06 Loaded file C:\Program Files\OrCAD\Layout_Plus\data\template.imp
Tue Jan 01 17:35:06 Loaded file C:\Program Files\OrCAD\Layout_Plus\data\template.imp
Tue Jan 01 17:35:08 Loaded file C:\PROJECTS\ORCAD\ZZL.LLB
Tue Jan 01 17:35:10 Loaded file C:\Program Files\OrCAD\Layout_Plus\data\template.imp
Tue Jan 01 17:35:18 Saved as file C:\PROJECTS\ORCAD\SWITCH\SWITCH.MAX
Tue Jan 01 17:35:20 Saved as file C:\PROJECTS\ORCAD\SWITCH\SWITCH.MAX
Tue Jan 01 17:35:30 Loaded file C:\Program Files\OrCAD\Layout_Plus\data\template.imp
Tue Jan 01 17:35:30 Loaded file C:\Program Files\OrCAD\Layout_Plus\data\template.imp
Tue Jan 01 17:35:30 Loaded file C:\Program Files\OrCAD\Layout_Plus\data\template.imp
Tue Jan 01 17:35:30 Loaded file C:\Program Files\OrCAD\Layout_Plus\data\template.imp
Tue Jan 01 17:35:31 Loaded file C:\PROJECTS\ORCAD\ZZL.LLB
Tue Jan 01 17:35:51 Loaded file C:\Program Files\OrCAD\Layout_Plus\library\SOJ.llb
Tue Jan 01 17:35:54 Loaded file C:\Program Files\OrCAD\Layout_Plus\data\template.imp
Tue Jan 01 17:35:56 Loaded file C:\Program Files\OrCAD\Layout_Plus\data\template.imp
Tue Jan 01 17:36:12 Loaded file C:\Program Files\OrCAD\Layout_Plus\data\template.imp
Tue Jan 01 17:36:12 Loaded file C:\Program Files\OrCAD\Layout_Plus\data\template.imp
Tue Jan 01 17:36:12 Loaded file C:\Program Files\OrCAD\Layout_Plus\data\template.imp
Tue Jan 01 17:36:12 Loaded file C:\Program Files\OrCAD\Layout_Plus\data\template.imp
Tue Jan 01 17:36:13 Loaded file C:\PROJECTS\ORCAD\ZZL.LLB
Tue Jan 01 17:36:15 Loaded file C:\Program Files\OrCAD\Layout_Plus\data\template.imp
Tue Jan 01 17:36:18 Loaded file C:\Program Files\OrCAD\Layout_Plus\data\template.imp
Tue Jan 01 17:36:18 Loaded file C:\Program Files\OrCAD\Layout_Plus\data\template.imp
Tue Jan 01 17:36:19 Loaded file C:\Program Files\OrCAD\Layout_Plus\data\template.imp
Tue Jan 01 17:36:19 Loaded file C:\Program Files\OrCAD\Layout_Plus\data\template.imp
Tue Jan 01 17:36:20 Loaded file C:\Program Files\OrCAD\Layout_Plus\data\template.imp
Tue Jan 01 17:36:21 Loaded file C:\Program Files\OrCAD\Layout_Plus\data\template.imp
Tue Jan 01 17:36:21 Loaded file C:\Program Files\OrCAD\Layout_Plus\data\template.imp
Tue Jan 01 17:36:22 Loaded file C:\Program Files\OrCAD\Layout_Plus\data\template.imp
Tue Jan 01 17:36:23 Loaded file C:\Program Files\OrCAD\Layout_Plus\data\template.imp
Tue Jan 01 17:36:26 Loaded file C:\Program Files\OrCAD\Layout_Plus\data\template.imp
Tue Jan 01 17:45:55 Loaded file C:\Program Files\OrCAD\Layout_Plus\data\template.imp
Tue Jan 01 17:45:55 Loaded file C:\Program Files\OrCAD\Layout_Plus\data\template.imp
Tue Jan 01 17:46:28 Saved as file BACKUP1.MAX
Tue Jan 01 17:48:05 Saved as file C:\PROJECTS\ORCAD\SWITCH\SWITCH.MAX
Tue Jan 01 17:50:38 Loaded file C:\Program Files\OrCAD\Layout_Plus\data\template.imp
Tue Jan 01 17:50:38 Loaded file C:\Program Files\OrCAD\Layout_Plus\data\template.imp
Tue Jan 01 17:50:38 Loaded file C:\Program Files\OrCAD\Layout_Plus\data\template.imp
Tue Jan 01 17:50:38 Loaded file C:\Program Files\OrCAD\Layout_Plus\data\template.imp
Tue Jan 01 17:50:39 Loaded file C:\Program Files\OrCAD\Layout_Plus\library\BCON100T.llb
Tue Jan 01 17:50:46 Loaded file C:\Program Files\OrCAD\Layout_Plus\library\SM.llb
Tue Jan 01 17:50:47 Loaded file C:\Program Files\OrCAD\Layout_Plus\data\template.imp
Tue Jan 01 17:50:48 Loaded file C:\Program Files\OrCAD\Layout_Plus\data\template.imp
Tue Jan 01 17:53:17 Loaded file C:\Program Files\OrCAD\Layout_Plus\data\template.imp
Tue Jan 01 17:53:17 Loaded file C:\Program Files\OrCAD\Layout_Plus\data\template.imp
Tue Jan 01 17:53:17 Loaded file C:\Program Files\OrCAD\Layout_Plus\data\template.imp
Tue Jan 01 17:53:17 Loaded file C:\Program Files\OrCAD\Layout_Plus\data\template.imp
Tue Jan 01 17:53:19 Loaded file C:\Program Files\OrCAD\Layout_Plus\library\BGA.llb
Tue Jan 01 17:53:22 Loaded file C:\Program Files\OrCAD\Layout_Plus\library\SM.llb
Tue Jan 01 17:53:24 Loaded file C:\Program Files\OrCAD\Layout_Plus\data\template.imp
Tue Jan 01 17:56:58 Saved as file BACKUP1.MAX
Tue Jan 01 17:58:37 Loaded file C:\Program Files\OrCAD\Layout_Plus\data\template.imp
Tue Jan 01 17:58:37 Loaded file C:\Program Files\OrCAD\Layout_Plus\data\template.imp
Tue Jan 01 17:58:37 Loaded file C:\Program Files\OrCAD\Layout_Plus\data\template.imp
Tue Jan 01 17:58:37 Loaded file C:\Program Files\OrCAD\Layout_Plus\data\template.imp
Tue Jan 01 17:58:43 Loaded file C:\Program Files\OrCAD\Layout_Plus\library\SOJ.llb
Tue Jan 01 17:58:45 Loaded file C:\Program Files\OrCAD\Layout_Plus\data\template.imp
Tue Jan 01 17:58:52 Loaded file C:\Program Files\OrCAD\Layout_Plus\library\SOG.llb
Tue Jan 01 17:58:54 Loaded file C:\Program Files\OrCAD\Layout_Plus\data\template.imp
Tue Jan 01 17:58:55 Loaded file C:\Program Files\OrCAD\Layout_Plus\data\template.imp
Tue Jan 01 17:58:56 Loaded file C:\Program Files\OrCAD\Layout_Plus\data\template.imp
Tue Jan 01 17:58:56 Loaded file C:\Program Files\OrCAD\Layout_Plus\data\template.imp
Tue Jan 01 17:58:56 Loaded file C:\Program Files\OrCAD\Layout_Plus\data\template.imp
Tue Jan 01 17:58:56 Loaded file C:\Program Files\OrCAD\Layout_Plus\data\template.imp
Tue Jan 01 17:58:56 Loaded file C:\Program Files\OrCAD\Layout_Plus\data\template.imp
Tue Jan 01 17:58:56 Loaded file C:\Program Files\OrCAD\Layout_Plus\data\template.imp
Tue Jan 01 17:58:56 Loaded file C:\Program Files\OrCAD\Layout_Plus\data\template.imp
Tue Jan 01 17:58:57 Loaded file C:\Program Files\OrCAD\Layout_Plus\data\template.imp
Tue Jan 01 17:58:57 Loaded file C:\Program Files\OrCAD\Layout_Plus\data\template.imp
Tue Jan 01 17:58:57 Loaded file C:\Program Files\OrCAD\Layout_Plus\data\template.imp
Tue Jan 01 17:58:57 Loaded file C:\Program Files\OrCAD\Layout_Plus\data\template.imp
Tue Jan 01 17:58:57 Loaded file C:\Program Files\OrCAD\Layout_Plus\data\template.imp
Tue Jan 01 17:58:57 Loaded file C:\Program Files\OrCAD\Layout_Plus\data\template.imp
Tue Jan 01 17:58:57 Loaded file C:\Program Files\OrCAD\Layout_Plus\data\template.imp
Tue Jan 01 17:58:57 Loaded file C:\Program Files\OrCAD\Layout_Plus\data\template.imp
Tue Jan 01 17:58:57 Loaded file C:\Program Files\OrCAD\Layout_Plus\data\template.imp
Tue Jan 01 17:58:57 Loaded file C:\Program Files\OrCAD\Layout_Plus\data\template.imp
Tue Jan 01 17:58:57 Loaded file C:\Program Files\OrCAD\Layout_Plus\data\template.imp
Tue Jan 01 17:58:57 Loaded file C:\Program Files\OrCAD\Layout_Plus\data\template.imp
Tue Jan 01 17:58:57 Loaded file C:\Program Files\OrCAD\Layout_Plus\data\template.imp
Tue Jan 01 17:58:57 Loaded file C:\Program Files\OrCAD\Layout_Plus\data\template.imp
Tue Jan 01 17:58:57 Loaded file C:\Program Files\OrCAD\Layout_Plus\data\template.imp
Tue Jan 01 17:58:57 Loaded file C:\Program Files\OrCAD\Layout_Plus\data\template.imp
Tue Jan 01 17:58:57 Loaded file C:\Program Files\OrCAD\Layout_Plus\data\template.imp
Tue Jan 01 17:58:57 Loaded file C:\Program Files\OrCAD\Layout_Plus\data\template.imp
Tue Jan 01 17:58:57 Loaded file C:\Program Files\OrCAD\Layout_Plus\data\template.imp
Tue Jan 01 17:58:57 Loaded file C:\Program Files\OrCAD\Layout_Plus\data\template.imp
Tue Jan 01 17:58:57 Loaded file C:\Program Files\OrCAD\Layout_Plus\data\template.imp
Tue Jan 01 17:58:57 Loaded file C:\Program Files\OrCAD\Layout_Plus\data\template.imp
Tue Jan 01 17:58:57 Loaded file C:\Program Files\OrCAD\Layout_Plus\data\template.imp
Tue Jan 01 17:58:57 Loaded file C:\Program Files\OrCAD\Layout_Plus\data\template.imp
Tue Jan 01 17:59:00 Loaded file C:\Program Files\OrCAD\Layout_Plus\library\SM.llb
Tue Jan 01 17:59:01 Loaded file C:\Program Files\OrCAD\Layout_Plus\data\template.imp
Tue Jan 01 17:59:10 Loaded file C:\Program Files\OrCAD\Layout_Plus\data\template.imp
Tue Jan 01 17:59:11 Loaded file C:\Program Files\OrCAD\Layout_Plus\data\template.imp
Tue Jan 01 17:59:11 Loaded file C:\Program Files\OrCAD\Layout_Plus\data\template.imp
Tue Jan 01 17:59:11 Loaded file C:\Program Files\OrCAD\Layout_Plus\data\template.imp
Tue Jan 01 17:59:12 Loaded file C:\Program Files\OrCAD\Layout_Plus\data\template.imp
Tue Jan 01 17:59:12 Loaded file C:\Program Files\OrCAD\Layout_Plus\data\template.imp
Tue Jan 01 17:59:12 Loaded file C:\Program Files\OrCAD\Layout_Plus\data\template.imp
Tue Jan 01 17:59:12 Loaded file C:\Program Files\OrCAD\Layout_Plus\data\template.imp
Tue Jan 01 17:59:12 Loaded file C:\Program Files\OrCAD\Layout_Plus\data\template.imp
Tue Jan 01 17:59:12 Loaded file C:\Program Files\OrCAD\Layout_Plus\data\template.imp
Tue Jan 01 17:59:12 Loaded file C:\Program Files\OrCAD\Layout_Plus\data\template.imp
Tue Jan 01 17:59:12 Loaded file C:\Program Files\OrCAD\Layout_Plus\data\template.imp
Tue Jan 01 17:59:12 Loaded file C:\Program Files\OrCAD\Layout_Plus\data\template.imp
Tue Jan 01 17:59:12 Loaded file C:\Program Files\OrCAD\Layout_Plus\data\template.imp
Tue Jan 01 17:59:13 Loaded file C:\Program Files\OrCAD\Layout_Plus\data\template.imp
Tue Jan 01 17:59:13 Loaded file C:\Program Files\OrCAD\Layout_Plus\data\template.imp
Tue Jan 01 17:59:13 Loaded file C:\Program Files\OrCAD\Layout_Plus\data\template.imp
Tue Jan 01 17:59:13 Loaded file C:\Program Files\OrCAD\Layout_Plus\data\template.imp
Tue Jan 01 17:59:13 Loaded file C:\Program Files\OrCAD\Layout_Plus\data\template.imp
Tue Jan 01 17:59:14 Loaded file C:\Program Files\OrCAD\Layout_Plus\data\template.imp
Tue Jan 01 17:59:16 Loaded file C:\Program Files\OrCAD\Layout_Plus\data\template.imp
Tue Jan 01 17:59:16 Loaded file C:\Program Files\OrCAD\Layout_Plus\data\template.imp
Tue Jan 01 17:59:17 Loaded file C:\Program Files\OrCAD\Layout_Plus\data\template.imp
Tue Jan 01 17:59:17 Loaded file C:\Program Files\OrCAD\Layout_Plus\data\template.imp
Tue Jan 01 17:59:17 Loaded file C:\Program Files\OrCAD\Layout_Plus\data\template.imp
Tue Jan 01 17:59:18 Loaded file C:\Program Files\OrCAD\Layout_Plus\data\template.imp
Tue Jan 01 17:59:18 Loaded file C:\Program Files\OrCAD\Layout_Plus\data\template.imp
Tue Jan 01 17:59:18 Loaded file C:\Program Files\OrCAD\Layout_Plus\data\template.imp
Tue Jan 01 17:59:19 Loaded file C:\Program Files\OrCAD\Layout_Plus\data\template.imp
Tue Jan 01 17:59:19 Loaded file C:\Program Files\OrCAD\Layout_Plus\data\template.imp
Tue Jan 01 17:59:19 Loaded file C:\Program Files\OrCAD\Layout_Plus\data\template.imp
Tue Jan 01 17:59:20 Loaded file C:\Program Files\OrCAD\Layout_Plus\data\template.imp
Tue Jan 01 17:59:20 Loaded file C:\Program Files\OrCAD\Layout_Plus\data\template.imp
Tue Jan 01 17:59:20 Loaded file C:\Program Files\OrCAD\Layout_Plus\data\template.imp
Tue Jan 01 17:59:21 Loaded file C:\Program Files\OrCAD\Layout_Plus\data\template.imp
Tue Jan 01 17:59:21 Loaded file C:\Program Files\OrCAD\Layout_Plus\data\template.imp
Tue Jan 01 17:59:21 Loaded file C:\Program Files\OrCAD\Layout_Plus\data\template.imp
Tue Jan 01 17:59:21 Loaded file C:\Program Files\OrCAD\Layout_Plus\data\template.imp
Tue Jan 01 17:59:21 Loaded file C:\Program Files\OrCAD\Layout_Plus\data\template.imp
Tue Jan 01 17:59:21 Loaded file C:\Program Files\OrCAD\Layout_Plus\data\template.imp
Tue Jan 01 17:59:22 Loaded file C:\Program Files\OrCAD\Layout_Plus\data\template.imp
Tue Jan 01 17:59:22 Loaded file C:\Program Files\OrCAD\Layout_Plus\data\template.imp
Tue Jan 01 17:59:22 Loaded file C:\Program Files\OrCAD\Layout_Plus\data\template.imp
Tue Jan 01 17:59:23 Loaded file C:\Program Files\OrCAD\Layout_Plus\data\template.imp
Tue Jan 01 17:59:26 Loaded file C:\Program Files\OrCAD\Layout_Plus\data\template.imp
Tue Jan 01 17:59:26 Loaded file C:\Program Files\OrCAD\Layout_Plus\data\template.imp
Tue Jan 01 17:59:26 Loaded file C:\Program Files\OrCAD\Layout_Plus\data\template.imp
Tue Jan 01 17:59:26 Loaded file C:\Program Files\OrCAD\Layout_Plus\data\template.imp
Tue Jan 01 17:59:26 Loaded file C:\Program Files\OrCAD\Layout_Plus\data\template.imp
Tue Jan 01 17:59:26 Loaded file C:\Program Files\OrCAD\Layout_Plus\data\template.imp
Tue Jan 01 17:59:26 Loaded file C:\Program Files\OrCAD\Layout_Plus\data\template.imp
Tue Jan 01 17:59:26 Loaded file C:\Program Files\OrCAD\Layout_Plus\data\template.imp
Tue Jan 01 17:59:27 Loaded file C:\Program Files\OrCAD\Layout_Plus\data\template.imp
Tue Jan 01 17:59:27 Loaded file C:\Program Files\OrCAD\Layout_Plus\data\template.imp
Tue Jan 01 17:59:27 Loaded file C:\Program Files\OrCAD\Layout_Plus\data\template.imp
Tue Jan 01 17:59:27 Loaded file C:\Program Files\OrCAD\Layout_Plus\data\template.imp
Tue Jan 01 17:59:27 Loaded file C:\Program Files\OrCAD\Layout_Plus\data\template.imp
Tue Jan 01 17:59:27 Loaded file C:\Program Files\OrCAD\Layout_Plus\data\template.imp
Tue Jan 01 17:59:27 Loaded file C:\Program Files\OrCAD\Layout_Plus\data\template.imp
Tue Jan 01 17:59:27 Loaded file C:\Program Files\OrCAD\Layout_Plus\data\template.imp
Tue Jan 01 17:59:27 Loaded file C:\Program Files\OrCAD\Layout_Plus\data\template.imp
Tue Jan 01 17:59:27 Loaded file C:\Program Files\OrCAD\Layout_Plus\data\template.imp
Tue Jan 01 17:59:27 Loaded file C:\Program Files\OrCAD\Layout_Plus\data\template.imp
Tue Jan 01 17:59:27 Loaded file C:\Program Files\OrCAD\Layout_Plus\data\template.imp
Tue Jan 01 17:59:27 Loaded file C:\Program Files\OrCAD\Layout_Plus\data\template.imp
Tue Jan 01 17:59:27 Loaded file C:\Program Files\OrCAD\Layout_Plus\data\template.imp
Tue Jan 01 17:59:27 Loaded file C:\Program Files\OrCAD\Layout_Plus\data\template.imp
Tue Jan 01 17:59:27 Loaded file C:\Program Files\OrCAD\Layout_Plus\data\template.imp
Tue Jan 01 17:59:27 Loaded file C:\Program Files\OrCAD\Layout_Plus\data\template.imp
Tue Jan 01 17:59:27 Loaded file C:\Program Files\OrCAD\Layout_Plus\data\template.imp
Tue Jan 01 17:59:27 Loaded file C:\Program Files\OrCAD\Layout_Plus\data\template.imp
Tue Jan 01 17:59:27 Loaded file C:\Program Files\OrCAD\Layout_Plus\data\template.imp
Tue Jan 01 17:59:28 Loaded file C:\Program Files\OrCAD\Layout_Plus\data\template.imp
Tue Jan 01 17:59:28 Loaded file C:\Program Files\OrCAD\Layout_Plus\data\template.imp
Tue Jan 01 17:59:28 Loaded file C:\Program Files\OrCAD\Layout_Plus\data\template.imp
Tue Jan 01 17:59:29 Loaded file C:\Program Files\OrCAD\Layout_Plus\data\template.imp
Tue Jan 01 17:59:30 Loaded file C:\Program Files\OrCAD\Layout_Plus\data\template.imp
Tue Jan 01 17:59:33 Loaded file C:\Program Files\OrCAD\Layout_Plus\data\template.imp
Tue Jan 01 17:59:33 Loaded file C:\Program Files\OrCAD\Layout_Plus\data\template.imp
Tue Jan 01 17:59:33 Loaded file C:\Program Files\OrCAD\Layout_Plus\data\template.imp
Tue Jan 01 17:59:34 Loaded file C:\Program Files\OrCAD\Layout_Plus\data\template.imp
Tue Jan 01 17:59:34 Loaded file C:\Program Files\OrCAD\Layout_Plus\data\template.imp
Tue Jan 01 17:59:34 Loaded file C:\Program Files\OrCAD\Layout_Plus\data\template.imp
Tue Jan 01 17:59:34 Loaded file C:\Program Files\OrCAD\Layout_Plus\data\template.imp
Tue Jan 01 17:59:35 Loaded file C:\Program Files\OrCAD\Layout_Plus\data\template.imp
Tue Jan 01 17:59:35 Loaded file C:\Program Files\OrCAD\Layout_Plus\data\template.imp
Tue Jan 01 17:59:35 Loaded file C:\Program Files\OrCAD\Layout_Plus\data\template.imp
Tue Jan 01 17:59:35 Loaded file C:\Program Files\OrCAD\Layout_Plus\data\template.imp
Tue Jan 01 17:59:35 Loaded file C:\Program Files\OrCAD\Layout_Plus\data\template.imp
Tue Jan 01 17:59:35 Loaded file C:\Program Files\OrCAD\Layout_Plus\data\template.imp
Tue Jan 01 17:59:35 Loaded file C:\Program Files\OrCAD\Layout_Plus\data\template.imp
Tue Jan 01 17:59:35 Loaded file C:\Program Files\OrCAD\Layout_Plus\data\template.imp
Tue Jan 01 17:59:35 Loaded file C:\Program Files\OrCAD\Layout_Plus\data\template.imp
Tue Jan 01 17:59:35 Loaded file C:\Program Files\OrCAD\Layout_Plus\data\template.imp
Tue Jan 01 17:59:35 Loaded file C:\Program Files\OrCAD\Layout_Plus\data\template.imp
Tue Jan 01 17:59:36 Loaded file C:\Program Files\OrCAD\Layout_Plus\data\template.imp
Tue Jan 01 17:59:37 Loaded file C:\Program Files\OrCAD\Layout_Plus\data\template.imp
Tue Jan 01 17:59:37 Loaded file C:\Program Files\OrCAD\Layout_Plus\data\template.imp
Tue Jan 01 17:59:37 Loaded file C:\Program Files\OrCAD\Layout_Plus\data\template.imp
Tue Jan 01 17:59:37 Loaded file C:\Program Files\OrCAD\Layout_Plus\data\template.imp
Tue Jan 01 17:59:58 Loaded file C:\Program Files\OrCAD\Layout_Plus\data\template.imp
Tue Jan 01 18:00:01 Loaded file C:\Program Files\OrCAD\Layout_Plus\data\template.imp
Tue Jan 01 18:00:02 Loaded file C:\Program Files\OrCAD\Layout_Plus\data\template.imp
Tue Jan 01 18:00:03 Loaded file C:\Program Files\OrCAD\Layout_Plus\data\template.imp
Tue Jan 01 18:00:03 Loaded file C:\Program Files\OrCAD\Layout_Plus\data\template.imp
Tue Jan 01 18:00:03 Loaded file C:\Program Files\OrCAD\Layout_Plus\data\template.imp
Tue Jan 01 18:00:03 Loaded file C:\Program Files\OrCAD\Layout_Plus\data\template.imp
Tue Jan 01 18:00:03 Loaded file C:\Program Files\OrCAD\Layout_Plus\data\template.imp
Tue Jan 01 18:00:04 Loaded file C:\Program Files\OrCAD\Layout_Plus\data\template.imp
Tue Jan 01 18:00:04 Loaded file C:\Program Files\OrCAD\Layout_Plus\data\template.imp
Tue Jan 01 18:00:04 Loaded file C:\Program Files\OrCAD\Layout_Plus\data\template.imp
Tue Jan 01 18:00:04 Loaded file C:\Program Files\OrCAD\Layout_Plus\data\template.imp
Tue Jan 01 18:00:15 Loaded file C:\Program Files\OrCAD\Layout_Plus\data\template.imp
Tue Jan 01 18:08:28 Saved as file BACKUP1.MAX
Tue Jan 01 18:09:42 Loaded file C:\Program Files\OrCAD\Layout_Plus\data\template.imp
Tue Jan 01 18:09:42 Loaded file C:\Program Files\OrCAD\Layout_Plus\data\template.imp
Tue Jan 01 18:09:42 Loaded file C:\Program Files\OrCAD\Layout_Plus\data\template.imp
Tue Jan 01 18:09:42 Loaded file C:\Program Files\OrCAD\Layout_Plus\data\template.imp
Tue Jan 01 18:09:46 Loaded file C:\Program Files\OrCAD\Layout_Plus\data\template.imp
Tue Jan 01 18:19:28 Saved as file BACKUP1.MAX
Tue Jan 01 18:25:16 Saved as file C:\PROJECTS\ORCAD\SWITCH\SWITCH_BAK.MAX
Thu Jan 03 19:28:11 Loaded file C:\PROJECTS\ORCAD\SWITCH\SWITCH_BAK.MAX
Thu Jan 03 19:28:20 Saved as file C:\PROJECTS\ORCAD\SWITCH\SWITCH.MAX
Thu Jan 03 19:28:30 Loaded file C:\Program Files\OrCAD\Layout_Plus\data\template.imp
Thu Jan 03 19:28:30 Loaded file C:\Program Files\OrCAD\Layout_Plus\data\template.imp
Thu Jan 03 19:28:30 Loaded file C:\Program Files\OrCAD\Layout_Plus\data\template.imp
Thu Jan 03 19:28:30 Loaded file C:\Program Files\OrCAD\Layout_Plus\data\template.imp
Thu Jan 03 19:28:49 Loaded file C:\Program Files\OrCAD\Layout_Plus\library\SOG.llb
Thu Jan 03 19:28:55 Loaded file C:\Program Files\OrCAD\Layout_Plus\library\SOJ.llb
Thu Jan 03 19:29:00 Loaded file C:\Program Files\OrCAD\Layout_Plus\library\SOG.llb
Thu Jan 03 19:29:00 Loaded file C:\Program Files\OrCAD\Layout_Plus\library\SM.llb
Thu Jan 03 19:29:18 Loaded file C:\PROJECTS\ORCAD\ZZL.LLB
Thu Jan 03 19:29:22 Loaded file C:\Program Files\OrCAD\Layout_Plus\data\template.imp
Thu Jan 03 19:29:24 Loaded file C:\Program Files\OrCAD\Layout_Plus\data\template.imp
Thu Jan 03 19:29:25 Loaded file C:\Program Files\OrCAD\Layout_Plus\data\template.imp
Thu Jan 03 19:29:37 Loaded file C:\Program Files\OrCAD\Layout_Plus\data\template.imp
Thu Jan 03 19:29:37 Loaded file C:\Program Files\OrCAD\Layout_Plus\data\template.imp
Thu Jan 03 19:29:39 Loaded file C:\PROJECTS\ORCAD\ZZL.LLB
Thu Jan 03 19:29:41 Loaded file C:\Program Files\OrCAD\Layout_Plus\data\template.imp
Thu Jan 03 19:35:39 Saved as file C:\PROJECTS\ORCAD\SWITCH\SWITCH.MAX
Thu Jan 03 19:35:46 Saved as file BACKUP1.MAX
Thu Jan 03 19:35:46 Saved as file C:\PROJECTS\ORCAD\SWITCH\SWITCH.MAX
Thu Jan 03 19:35:47 UserDiv from Layout.INI for AutoECO: 60
Thu Jan 03 19:35:47 Loaded file C:\PROJECTS\ORCAD\SWITCH\SWITCH.MAX
Thu Jan 03 19:35:47 Loaded file C:\PROJECTS\ORCAD\ZZL.LLB
Thu Jan 03 19:35:47 Loaded file C:\Program Files\OrCAD\Layout_Plus\library\BCON100T.llb
Thu Jan 03 19:35:47 Loaded file C:\Program Files\OrCAD\Layout_Plus\library\BCON156T.llb
Thu Jan 03 19:35:47 Loaded file C:\Program Files\OrCAD\Layout_Plus\library\BGA.llb
Thu Jan 03 19:35:47 Loaded file C:\Program Files\OrCAD\Layout_Plus\library\CLCC.llb
Thu Jan 03 19:35:47 Loaded file C:\Program Files\OrCAD\Layout_Plus\library\DCON050T.llb
Thu Jan 03 19:35:47 Loaded file C:\Program Files\OrCAD\Layout_Plus\library\DCON085T.llb
Thu Jan 03 19:35:47 Loaded file C:\Program Files\OrCAD\Layout_Plus\library\DIMM050F.llb
Thu Jan 03 19:35:47 Loaded file C:\Program Files\OrCAD\Layout_Plus\library\DIMM050T.llb
Thu Jan 03 19:35:47 Loaded file C:\Program Files\OrCAD\Layout_Plus\library\DIN.llb
Thu Jan 03 19:35:47 Loaded file C:\Program Files\OrCAD\Layout_Plus\library\DIP100B.llb
Thu Jan 03 19:35:47 Loaded file C:\Program Files\OrCAD\Layout_Plus\library\DIP100T.llb
Thu Jan 03 19:35:47 Loaded file C:\Program Files\OrCAD\Layout_Plus\library\DSUBT.llb
Thu Jan 03 19:35:47 Loaded file C:\Program Files\OrCAD\Layout_Plus\library\DSUBT_HD.LLB
Thu Jan 03 19:35:47 Loaded file C:\Program Files\OrCAD\Layout_Plus\library\ECON100T.llb
Thu Jan 03 19:35:47 Loaded file C:\Program Files\OrCAD\Layout_Plus\library\FBUS.llb
Thu Jan 03 19:35:47 Loaded file C:\Program Files\OrCAD\Layout_Plus\library\ISA.llb
Thu Jan 03 19:35:47 Loaded file C:\Program Files\OrCAD\Layout_Plus\library\JUMPER.LLB
Thu Jan 03 19:35:47 Loaded file C:\Program Files\OrCAD\Layout_Plus\library\LAYOUT.llb
Thu Jan 03 19:35:47 Loaded file C:\Program Files\OrCAD\Layout_Plus\library\LCON100T.llb
Thu Jan 03 19:35:47 Loaded file C:\Program Files\OrCAD\Layout_Plus\library\PC104.llb
Thu Jan 03 19:35:47 Loaded file C:\Program Files\OrCAD\Layout_Plus\library\PCI.llb
Thu Jan 03 19:35:47 Loaded file C:\Program Files\OrCAD\Layout_Plus\library\PCON100T.llb
Thu Jan 03 19:35:47 Loaded file C:\Program Files\OrCAD\Layout_Plus\library\PCON156T.llb
Thu Jan 03 19:35:47 Loaded file C:\Program Files\OrCAD\Layout_Plus\library\PGA.llb
Thu Jan 03 19:35:47 Loaded file C:\Program Files\OrCAD\Layout_Plus\library\PLCC.llb
Thu Jan 03 19:35:47 Loaded file C:\Program Files\OrCAD\Layout_Plus\library\QUAD.llb
Thu Jan 03 19:35:47 Loaded file C:\Program Files\OrCAD\Layout_Plus\library\QUADB.llb
Thu Jan 03 19:35:47 Loaded file C:\Program Files\OrCAD\Layout_Plus\library\RELAY.llb
Thu Jan 03 19:35:47 Loaded file C:\Program Files\OrCAD\Layout_Plus\library\RF.llb
Thu Jan 03 19:35:47 Loaded file C:\Program Files\OrCAD\Layout_Plus\library\SBUS.llb
Thu Jan 03 19:35:47 Loaded file C:\Program Files\OrCAD\Layout_Plus\library\SIMM050F.llb
Thu Jan 03 19:35:47 Loaded file C:\Program Files\OrCAD\Layout_Plus\library\SIMM050T.llb
Thu Jan 03 19:35:47 Loaded file C:\Program Files\OrCAD\Layout_Plus\library\SIMM100F.llb
Thu Jan 03 19:35:47 Loaded file C:\Program Files\OrCAD\Layout_Plus\library\SIMM100T.llb
Thu Jan 03 19:35:47 Loaded file C:\Program Files\OrCAD\Layout_Plus\library\SIP.llb
Thu Jan 03 19:35:47 Loaded file C:\Program Files\OrCAD\Layout_Plus\library\SM.llb
Thu Jan 03 19:35:47 Loaded file C:\Program Files\OrCAD\Layout_Plus\library\SOG.llb
Thu Jan 03 19:35:47 Loaded file C:\Program Files\OrCAD\Layout_Plus\library\SOJ.llb
Thu Jan 03 19:35:47 Loaded file C:\Program Files\OrCAD\Layout_Plus\library\STIFF.llb
Thu Jan 03 19:35:47 Loaded file C:\Program Files\OrCAD\Layout_Plus\library\TELE.llb
Thu Jan 03 19:35:47 Loaded file C:\Program Files\OrCAD\Layout_Plus\library\TM_AXIAL.llb
Thu Jan 03 19:35:47 Loaded file C:\Program Files\OrCAD\Layout_Plus\library\TM_CAP_P.llb
Thu Jan 03 19:35:47 Loaded file C:\Program Files\OrCAD\Layout_Plus\library\TM_CYLND.llb
Thu Jan 03 19:35:47 Loaded file C:\Program Files\OrCAD\Layout_Plus\library\TM_DIODE.llb
Thu Jan 03 19:35:47 Loaded file C:\Program Files\OrCAD\Layout_Plus\library\TM_DISC.llb
Thu Jan 03 19:35:47 Loaded file C:\Program Files\OrCAD\Layout_Plus\library\TM_RAD.llb
Thu Jan 03 19:35:47 Loaded file C:\Program Files\OrCAD\Layout_Plus\library\TO.llb
Thu Jan 03 19:35:47 Loaded file C:\Program Files\OrCAD\Layout_Plus\library\TRAINING.LLB
Thu Jan 03 19:35:47 Loaded file C:\Program Files\OrCAD\Layout_Plus\library\VRES.llb
Thu Jan 03 19:35:47 Loaded file C:\Program Files\OrCAD\Layout_Plus\library\WCON100T.llb
Thu Jan 03 19:35:47 Loaded file C:\Program Files\OrCAD\Layout_Plus\library\XT.llb
Thu Jan 03 19:35:47 Loaded file C:\Program Files\OrCAD\Layout_Plus\library\ZIGZAG.llb
Thu Jan 03 19:35:47 Saved as file C:\PROJECTS\ORCAD\SWITCH\SWITCH.MAX
Thu Jan 03 19:35:48 Loaded file C:\PROJECTS\ORCAD\SWITCH\SWITCH.MAX
Thu Jan 03 19:36:05 Loaded file C:\Program Files\OrCAD\Layout_Plus\data\template.imp
Thu Jan 03 19:36:06 Loaded file C:\Program Files\OrCAD\Layout_Plus\data\template.imp
Thu Jan 03 19:40:32 Loaded file C:\Program Files\OrCAD\Layout_Plus\data\template.imp
Thu Jan 03 19:40:32 Loaded file C:\Program Files\OrCAD\Layout_Plus\data\template.imp
Thu Jan 03 19:40:34 Loaded file C:\PROJECTS\ORCAD\ZZL.LLB
Thu Jan 03 19:40:49 Loaded file C:\Program Files\OrCAD\Layout_Plus\library\SOJ.llb
Thu Jan 03 19:40:49 Loaded file C:\Program Files\OrCAD\Layout_Plus\library\SOG.llb
Thu Jan 03 19:40:51 Loaded file C:\Program Files\OrCAD\Layout_Plus\library\SM.llb
Thu Jan 03 19:40:53 Loaded file C:\Program Files\OrCAD\Layout_Plus\data\template.imp
Thu Jan 03 19:40:57 Loaded file C:\Program Files\OrCAD\Layout_Plus\data\template.imp
Thu Jan 03 19:41:31 Loaded file C:\Program Files\OrCAD\Layout_Plus\data\template.imp
Thu Jan 03 19:41:55 Loaded file C:\Program Files\OrCAD\Layout_Plus\data\template.imp
Thu Jan 03 19:41:57 Loaded file C:\Program Files\OrCAD\Layout_Plus\data\template.imp
Thu Jan 03 19:41:57 Loaded file C:\Program Files\OrCAD\Layout_Plus\data\template.imp
Thu Jan 03 19:42:31 Loaded file C:\Program Files\OrCAD\Layout_Plus\data\template.imp
Thu Jan 03 19:42:33 Loaded file C:\Program Files\OrCAD\Layout_Plus\data\template.imp
Thu Jan 03 19:42:34 Loaded file C:\Program Files\OrCAD\Layout_Plus\data\template.imp
Thu Jan 03 19:42:56 Loaded file C:\Program Files\OrCAD\Layout_Plus\data\template.imp
Thu Jan 03 19:43:20 Loaded file C:\Program Files\OrCAD\Layout_Plus\data\template.imp
Thu Jan 03 19:45:12 Loaded file C:\PROJECTS\ORCAD\ZZL.LLB
Thu Jan 03 19:45:12 Saved as file C:\PROJECTS\ORCAD\ZZL.LLB
Thu Jan 03 19:45:16 Loaded file C:\PROJECTS\ORCAD\ZZL.LLB
Thu Jan 03 19:45:25 Loaded file C:\Program Files\OrCAD\Layout_Plus\library\BCON100T.llb
Thu Jan 03 19:45:26 Loaded file C:\PROJECTS\ORCAD\ZZL.LLB
Thu Jan 03 19:45:28 Loaded file C:\Program Files\OrCAD\Layout_Plus\data\template.imp
Thu Jan 03 19:45:31 Loaded file C:\Program Files\OrCAD\Layout_Plus\data\template.imp
Thu Jan 03 19:48:28 Loaded file C:\Program Files\OrCAD\Layout_Plus\data\template.imp
Thu Jan 03 19:48:30 Loaded file C:\Program Files\OrCAD\Layout_Plus\data\template.imp
Thu Jan 03 19:53:02 Loaded file C:\Program Files\OrCAD\Layout_Plus\data\template.imp
Thu Jan 03 19:53:04 Loaded file C:\Program Files\OrCAD\Layout_Plus\data\template.imp
Thu Jan 03 19:59:44 Saved as file C:\PROJECTS\ORCAD\SWITCH\SWITCH.MAX
Thu Jan 03 19:59:47 Saved as file C:\PROJECTS\ORCAD\SWITCH\SWITCH.MAX
Thu Jan 03 19:59:52 Loaded file C:\Program Files\OrCAD\Layout_Plus\data\template.imp
Thu Jan 03 19:59:52 Loaded file C:\Program Files\OrCAD\Layout_Plus\data\template.imp
Thu Jan 03 19:59:52 Loaded file C:\Program Files\OrCAD\Layout_Plus\data\template.imp
Thu Jan 03 19:59:52 Loaded file C:\Program Files\OrCAD\Layout_Plus\data\template.imp
Thu Jan 03 19:59:53 Loaded file C:\PROJECTS\ORCAD\ZZL.LLB
Thu Jan 03 19:59:56 Loaded file C:\Program Files\OrCAD\Layout_Plus\data\template.imp
Thu Jan 03 20:00:07 Loaded file C:\Program Files\OrCAD\Layout_Plus\data\template.imp
Thu Jan 03 20:00:07 Loaded file C:\Program Files\OrCAD\Layout_Plus\data\template.imp
Thu Jan 03 20:00:09 Loaded file C:\PROJECTS\ORCAD\ZZL.LLB
Thu Jan 03 20:00:10 Loaded file C:\Program Files\OrCAD\Layout_Plus\data\template.imp
Thu Jan 03 20:00:11 Loaded file C:\Program Files\OrCAD\Layout_Plus\data\template.imp
Thu Jan 03 20:00:15 Loaded file C:\Program Files\OrCAD\Layout_Plus\data\template.imp
Thu Jan 03 20:00:16 Loaded file C:\Program Files\OrCAD\Layout_Plus\data\template.imp
Thu Jan 03 20:00:17 Loaded file C:\Program Files\OrCAD\Layout_Plus\data\template.imp
Thu Jan 03 20:00:18 Loaded file C:\Program Files\OrCAD\Layout_Plus\data\template.imp
Thu Jan 03 20:00:19 Loaded file C:\Program Files\OrCAD\Layout_Plus\data\template.imp
Thu Jan 03 20:00:28 Loaded file C:\Program Files\OrCAD\Layout_Plus\data\template.imp
Thu Jan 03 20:00:29 Loaded file C:\Program Files\OrCAD\Layout_Plus\data\template.imp
Thu Jan 03 20:00:29 Loaded file C:\Program Files\OrCAD\Layout_Plus\data\template.imp
Thu Jan 03 20:00:30 Loaded file C:\Program Files\OrCAD\Layout_Plus\data\template.imp
Thu Jan 03 20:00:30 Loaded file C:\Program Files\OrCAD\Layout_Plus\data\template.imp
Thu Jan 03 20:00:30 Loaded file C:\Program Files\OrCAD\Layout_Plus\data\template.imp
Thu Jan 03 20:00:31 Loaded file C:\Program Files\OrCAD\Layout_Plus\data\template.imp
Thu Jan 03 20:00:31 Loaded file C:\Program Files\OrCAD\Layout_Plus\data\template.imp
Thu Jan 03 20:00:31 Loaded file C:\Program Files\OrCAD\Layout_Plus\data\template.imp
Thu Jan 03 20:00:31 Loaded file C:\Program Files\OrCAD\Layout_Plus\data\template.imp
Thu Jan 03 20:00:32 Loaded file C:\Program Files\OrCAD\Layout_Plus\data\template.imp
Thu Jan 03 20:00:32 Loaded file C:\Program Files\OrCAD\Layout_Plus\data\template.imp
Thu Jan 03 20:00:33 Loaded file C:\Program Files\OrCAD\Layout_Plus\data\template.imp
Thu Jan 03 20:00:33 Loaded file C:\Program Files\OrCAD\Layout_Plus\data\template.imp
Thu Jan 03 20:00:34 Loaded file C:\Program Files\OrCAD\Layout_Plus\data\template.imp
Thu Jan 03 20:00:34 Loaded file C:\Program Files\OrCAD\Layout_Plus\data\template.imp
Thu Jan 03 20:00:34 Loaded file C:\Program Files\OrCAD\Layout_Plus\data\template.imp
Thu Jan 03 20:00:35 Loaded file C:\Program Files\OrCAD\Layout_Plus\data\template.imp
Thu Jan 03 20:00:35 Loaded file C:\Program Files\OrCAD\Layout_Plus\data\template.imp
Thu Jan 03 20:00:36 Loaded file C:\Program Files\OrCAD\Layout_Plus\data\template.imp
Thu Jan 03 20:00:36 Loaded file C:\Program Files\OrCAD\Layout_Plus\data\template.imp
Thu Jan 03 20:00:36 Loaded file C:\Program Files\OrCAD\Layout_Plus\data\template.imp
Thu Jan 03 20:00:36 Loaded file C:\Program Files\OrCAD\Layout_Plus\data\template.imp
Thu Jan 03 20:00:37 Loaded file C:\Program Files\OrCAD\Layout_Plus\data\template.imp
Thu Jan 03 20:00:37 Loaded file C:\Program Files\OrCAD\Layout_Plus\data\template.imp
Thu Jan 03 20:00:37 Loaded file C:\Program Files\OrCAD\Layout_Plus\data\template.imp
Thu Jan 03 20:00:37 Loaded file C:\Program Files\OrCAD\Layout_Plus\data\template.imp
Thu Jan 03 20:00:37 Loaded file C:\Program Files\OrCAD\Layout_Plus\data\template.imp
Thu Jan 03 20:00:38 Loaded file C:\Program Files\OrCAD\Layout_Plus\data\template.imp
Thu Jan 03 20:00:38 Loaded file C:\Program Files\OrCAD\Layout_Plus\data\template.imp
Thu Jan 03 20:00:38 Loaded file C:\Program Files\OrCAD\Layout_Plus\data\template.imp
Thu Jan 03 20:00:38 Loaded file C:\Program Files\OrCAD\Layout_Plus\data\template.imp
Thu Jan 03 20:00:38 Loaded file C:\Program Files\OrCAD\Layout_Plus\data\template.imp
Thu Jan 03 20:00:39 Loaded file C:\Program Files\OrCAD\Layout_Plus\data\template.imp
Thu Jan 03 20:00:39 Loaded file C:\Program Files\OrCAD\Layout_Plus\data\template.imp
Thu Jan 03 20:00:39 Loaded file C:\Program Files\OrCAD\Layout_Plus\data\template.imp
Thu Jan 03 20:00:39 Loaded file C:\Program Files\OrCAD\Layout_Plus\data\template.imp
Thu Jan 03 20:00:39 Loaded file C:\Program Files\OrCAD\Layout_Plus\data\template.imp
Thu Jan 03 20:00:40 Loaded file C:\Program Files\OrCAD\Layout_Plus\data\template.imp
Thu Jan 03 20:00:41 Loaded file C:\Program Files\OrCAD\Layout_Plus\data\template.imp
Thu Jan 03 20:00:41 Loaded file C:\Program Files\OrCAD\Layout_Plus\data\template.imp
Thu Jan 03 20:00:42 Loaded file C:\Program Files\OrCAD\Layout_Plus\data\template.imp
Thu Jan 03 20:00:42 Loaded file C:\Program Files\OrCAD\Layout_Plus\data\template.imp
Thu Jan 03 20:00:43 Loaded file C:\Program Files\OrCAD\Layout_Plus\data\template.imp
Thu Jan 03 20:00:43 Loaded file C:\Program Files\OrCAD\Layout_Plus\data\template.imp
Thu Jan 03 20:00:43 Loaded file C:\Program Files\OrCAD\Layout_Plus\data\template.imp
Thu Jan 03 20:00:44 Loaded file C:\Program Files\OrCAD\Layout_Plus\data\template.imp
Thu Jan 03 20:00:44 Loaded file C:\Program Files\OrCAD\Layout_Plus\data\template.imp
Thu Jan 03 20:00:44 Loaded file C:\Program Files\OrCAD\Layout_Plus\data\template.imp
Thu Jan 03 20:00:45 Loaded file C:\Program Files\OrCAD\Layout_Plus\data\template.imp
Thu Jan 03 20:00:45 Loaded file C:\Program Files\OrCAD\Layout_Plus\data\template.imp
Thu Jan 03 20:00:45 Loaded file C:\Program Files\OrCAD\Layout_Plus\data\template.imp
Thu Jan 03 20:00:46 Loaded file C:\Program Files\OrCAD\Layout_Plus\data\template.imp
Thu Jan 03 20:00:47 Loaded file C:\Program Files\OrCAD\Layout_Plus\data\template.imp
Thu Jan 03 20:00:47 Loaded file C:\Program Files\OrCAD\Layout_Plus\data\template.imp
Thu Jan 03 20:00:47 Loaded file C:\Program Files\OrCAD\Layout_Plus\data\template.imp
Thu Jan 03 20:00:48 Loaded file C:\Program Files\OrCAD\Layout_Plus\data\template.imp
Thu Jan 03 20:00:48 Loaded file C:\Program Files\OrCAD\Layout_Plus\data\template.imp
Thu Jan 03 20:00:53 Loaded file C:\Program Files\OrCAD\Layout_Plus\data\template.imp
Thu Jan 03 20:00:54 Loaded file C:\Program Files\OrCAD\Layout_Plus\data\template.imp
Thu Jan 03 20:01:57 Loaded file C:\PROJECTS\ORCAD\ZZL.LLB
Thu Jan 03 20:01:57 Saved as file C:\PROJECTS\ORCAD\ZZL.LLB
Thu Jan 03 20:02:16 Saved as file C:\PROJECTS\ORCAD\SWITCH\SWITCH.MAX
Thu Jan 03 20:02:55 Loaded file C:\PROJECTS\ORCAD\ZZL.LLB
Thu Jan 03 20:02:55 Saved as file C:\PROJECTS\ORCAD\ZZL.LLB
Thu Jan 03 20:03:01 Loaded file C:\Program Files\OrCAD\Layout_Plus\data\template.imp
Thu Jan 03 20:03:01 Loaded file C:\Program Files\OrCAD\Layout_Plus\data\template.imp
Thu Jan 03 20:03:01 Loaded file C:\Program Files\OrCAD\Layout_Plus\data\template.imp
Thu Jan 03 20:03:01 Loaded file C:\Program Files\OrCAD\Layout_Plus\data\template.imp
Thu Jan 03 20:03:02 Loaded file C:\PROJECTS\ORCAD\ZZL.LLB
Thu Jan 03 20:03:03 Loaded file C:\Program Files\OrCAD\Layout_Plus\data\template.imp
Thu Jan 03 20:03:05 Loaded file C:\Program Files\OrCAD\Layout_Plus\data\template.imp
Thu Jan 03 20:03:15 Saved as file BACKUP1.MAX
Thu Jan 03 20:04:50 Saved as file C:\PROJECTS\ORCAD\SWITCH\SWITCH.MAX
Sat Jan 05 13:54:44 Saved as file C:\PROJECTS\ORCAD\SWITCH\SWITCH.MAX
Sat Jan 05 13:58:47 Loaded file C:\Program Files\OrCAD\Layout_Plus\data\template.imp
Sat Jan 05 13:58:47 Loaded file C:\Program Files\OrCAD\Layout_Plus\data\template.imp
Sat Jan 05 13:58:49 Loaded file C:\Program Files\OrCAD\Layout_Plus\library\BGA.llb
Sat Jan 05 13:58:52 Loaded file C:\Program Files\OrCAD\Layout_Plus\library\SOJ.llb
Sat Jan 05 13:58:54 Loaded file C:\Program Files\OrCAD\Layout_Plus\data\template.imp
Sat Jan 05 13:59:01 Loaded file C:\Program Files\OrCAD\Layout_Plus\data\template.imp
Sat Jan 05 14:02:03 Loaded file C:\Program Files\OrCAD\Layout_Plus\data\template.imp
Sat Jan 05 14:02:08 Loaded file C:\Program Files\OrCAD\Layout_Plus\data\template.imp
Sat Jan 05 14:02:39 Loaded file C:\Program Files\OrCAD\Layout_Plus\data\template.imp
Sat Jan 05 14:02:40 Loaded file C:\Program Files\OrCAD\Layout_Plus\data\template.imp
Sat Jan 05 14:02:40 Loaded file C:\Program Files\OrCAD\Layout_Plus\data\template.imp
Sat Jan 05 14:02:42 Loaded file C:\Program Files\OrCAD\Layout_Plus\data\template.imp
Sat Jan 05 14:02:45 Loaded file C:\Program Files\OrCAD\Layout_Plus\data\template.imp
Sat Jan 05 14:02:50 Loaded file C:\Program Files\OrCAD\Layout_Plus\data\template.imp
Sat Jan 05 14:02:53 Loaded file C:\Program Files\OrCAD\Layout_Plus\data\template.imp
Sat Jan 05 14:02:53 Loaded file C:\Program Files\OrCAD\Layout_Plus\data\template.imp
Sat Jan 05 14:02:53 Loaded file C:\Program Files\OrCAD\Layout_Plus\data\template.imp
Sat Jan 05 14:02:54 Loaded file C:\Program Files\OrCAD\Layout_Plus\data\template.imp
Sat Jan 05 14:02:54 Loaded file C:\Program Files\OrCAD\Layout_Plus\data\template.imp
Sat Jan 05 14:02:54 Loaded file C:\Program Files\OrCAD\Layout_Plus\data\template.imp
Sat Jan 05 14:02:55 Loaded file C:\Program Files\OrCAD\Layout_Plus\data\template.imp
Sat Jan 05 14:02:55 Loaded file C:\Program Files\OrCAD\Layout_Plus\data\template.imp
Sat Jan 05 14:02:57 Loaded file C:\Program Files\OrCAD\Layout_Plus\data\template.imp
Sat Jan 05 14:02:58 Loaded file C:\Program Files\OrCAD\Layout_Plus\data\template.imp
Sat Jan 05 14:02:58 Loaded file C:\Program Files\OrCAD\Layout_Plus\data\template.imp
Sat Jan 05 14:02:59 Loaded file C:\Program Files\OrCAD\Layout_Plus\data\template.imp
Sat Jan 05 14:03:00 Loaded file C:\Program Files\OrCAD\Layout_Plus\data\template.imp
Sat Jan 05 14:03:00 Loaded file C:\Program Files\OrCAD\Layout_Plus\data\template.imp
Sat Jan 05 14:03:01 Loaded file C:\Program Files\OrCAD\Layout_Plus\data\template.imp
Sat Jan 05 14:03:02 Loaded file C:\Program Files\OrCAD\Layout_Plus\data\template.imp
Sat Jan 05 14:03:02 Loaded file C:\Program Files\OrCAD\Layout_Plus\data\template.imp
Sat Jan 05 14:03:04 Loaded file C:\Program Files\OrCAD\Layout_Plus\data\template.imp
Sat Jan 05 14:03:05 Loaded file C:\Program Files\OrCAD\Layout_Plus\data\template.imp
Sat Jan 05 14:03:05 Loaded file C:\Program Files\OrCAD\Layout_Plus\data\template.imp
Sat Jan 05 14:03:05 Loaded file C:\Program Files\OrCAD\Layout_Plus\data\template.imp
Sat Jan 05 14:03:05 Loaded file C:\Program Files\OrCAD\Layout_Plus\data\template.imp
Sat Jan 05 14:03:06 Loaded file C:\Program Files\OrCAD\Layout_Plus\data\template.imp
Sat Jan 05 14:03:06 Loaded file C:\Program Files\OrCAD\Layout_Plus\data\template.imp
Sat Jan 05 14:03:06 Loaded file C:\Program Files\OrCAD\Layout_Plus\data\template.imp
Sat Jan 05 14:03:06 Loaded file C:\Program Files\OrCAD\Layout_Plus\data\template.imp
Sat Jan 05 14:03:06 Loaded file C:\Program Files\OrCAD\Layout_Plus\data\template.imp
Sat Jan 05 14:03:06 Loaded file C:\Program Files\OrCAD\Layout_Plus\data\template.imp
Sat Jan 05 14:03:07 Loaded file C:\Program Files\OrCAD\Layout_Plus\data\template.imp
Sat Jan 05 14:03:07 Loaded file C:\Program Files\OrCAD\Layout_Plus\data\template.imp
Sat Jan 05 14:03:07 Loaded file C:\Program Files\OrCAD\Layout_Plus\data\template.imp
Sat Jan 05 14:03:07 Loaded file C:\Program Files\OrCAD\Layout_Plus\data\template.imp
Sat Jan 05 14:03:08 Loaded file C:\Program Files\OrCAD\Layout_Plus\data\template.imp
Sat Jan 05 14:03:08 Loaded file C:\Program Files\OrCAD\Layout_Plus\data\template.imp
Sat Jan 05 14:03:08 Loaded file C:\Program Files\OrCAD\Layout_Plus\data\template.imp
Sat Jan 05 14:03:08 Loaded file C:\Program Files\OrCAD\Layout_Plus\data\template.imp
Sat Jan 05 14:03:08 Loaded file C:\Program Files\OrCAD\Layout_Plus\data\template.imp
Sat Jan 05 14:03:09 Loaded file C:\Program Files\OrCAD\Layout_Plus\data\template.imp
Sat Jan 05 14:03:09 Loaded file C:\Program Files\OrCAD\Layout_Plus\data\template.imp
Sat Jan 05 14:03:09 Loaded file C:\Program Files\OrCAD\Layout_Plus\data\template.imp
Sat Jan 05 14:03:15 Loaded file C:\Program Files\OrCAD\Layout_Plus\library\SOG.llb
Sat Jan 05 14:03:16 Loaded file C:\Program Files\OrCAD\Layout_Plus\data\template.imp
Sat Jan 05 14:03:16 Loaded file C:\Program Files\OrCAD\Layout_Plus\data\template.imp
Sat Jan 05 14:03:17 Loaded file C:\Program Files\OrCAD\Layout_Plus\data\template.imp
Sat Jan 05 14:03:17 Loaded file C:\Program Files\OrCAD\Layout_Plus\data\template.imp
Sat Jan 05 14:03:17 Loaded file C:\Program Files\OrCAD\Layout_Plus\data\template.imp
Sat Jan 05 14:03:18 Loaded file C:\Program Files\OrCAD\Layout_Plus\data\template.imp
Sat Jan 05 14:03:18 Loaded file C:\Program Files\OrCAD\Layout_Plus\data\template.imp
Sat Jan 05 14:03:19 Loaded file C:\Program Files\OrCAD\Layout_Plus\data\template.imp
Sat Jan 05 14:03:20 Loaded file C:\Program Files\OrCAD\Layout_Plus\data\template.imp
Sat Jan 05 14:03:20 Loaded file C:\Program Files\OrCAD\Layout_Plus\data\template.imp
Sat Jan 05 14:03:22 Loaded file C:\Program Files\OrCAD\Layout_Plus\data\template.imp
Sat Jan 05 14:03:25 Loaded file C:\Program Files\OrCAD\Layout_Plus\data\template.imp
Sat Jan 05 14:03:29 Loaded file C:\Program Files\OrCAD\Layout_Plus\data\template.imp
Sat Jan 05 14:03:30 Loaded file C:\Program Files\OrCAD\Layout_Plus\data\template.imp
Sat Jan 05 14:03:32 Loaded file C:\Program Files\OrCAD\Layout_Plus\data\template.imp
Sat Jan 05 14:03:33 Loaded file C:\Program Files\OrCAD\Layout_Plus\data\template.imp
Sat Jan 05 14:03:34 Loaded file C:\Program Files\OrCAD\Layout_Plus\data\template.imp
Sat Jan 05 14:03:36 Loaded file C:\Program Files\OrCAD\Layout_Plus\data\template.imp
Sat Jan 05 14:05:20 Loaded file C:\Program Files\OrCAD\Layout_Plus\data\template.imp
Sat Jan 05 14:05:22 Loaded file C:\Program Files\OrCAD\Layout_Plus\data\template.imp
Sat Jan 05 14:05:23 Loaded file C:\Program Files\OrCAD\Layout_Plus\data\template.imp
Sat Jan 05 14:05:24 Loaded file C:\Program Files\OrCAD\Layout_Plus\data\template.imp
Sat Jan 05 14:05:29 Loaded file C:\Program Files\OrCAD\Layout_Plus\data\template.imp
Sat Jan 05 14:05:31 Loaded file C:\Program Files\OrCAD\Layout_Plus\data\template.imp
Sat Jan 05 14:05:35 Loaded file C:\Program Files\OrCAD\Layout_Plus\data\template.imp
Sat Jan 05 14:05:41 Loaded file C:\Program Files\OrCAD\Layout_Plus\data\template.imp
Sat Jan 05 14:05:42 Loaded file C:\Program Files\OrCAD\Layout_Plus\data\template.imp
Sat Jan 05 14:05:42 Loaded file C:\Program Files\OrCAD\Layout_Plus\data\template.imp
Sat Jan 05 14:05:44 Loaded file C:\Program Files\OrCAD\Layout_Plus\data\template.imp
Sat Jan 05 14:05:49 Loaded file C:\Program Files\OrCAD\Layout_Plus\data\template.imp
Sat Jan 05 14:05:50 Loaded file C:\Program Files\OrCAD\Layout_Plus\data\template.imp
Sat Jan 05 14:05:54 Loaded file C:\Program Files\OrCAD\Layout_Plus\data\template.imp
Sat Jan 05 14:05:56 Loaded file C:\Program Files\OrCAD\Layout_Plus\data\template.imp
Sat Jan 05 14:05:58 Loaded file C:\Program Files\OrCAD\Layout_Plus\data\template.imp
Sat Jan 05 14:05:58 Loaded file C:\Program Files\OrCAD\Layout_Plus\data\template.imp
Sat Jan 05 14:06:01 Loaded file C:\Program Files\OrCAD\Layout_Plus\data\template.imp
Sat Jan 05 14:06:05 Loaded file C:\Program Files\OrCAD\Layout_Plus\data\template.imp
Sat Jan 05 14:06:06 Loaded file C:\Program Files\OrCAD\Layout_Plus\data\template.imp
Sat Jan 05 14:06:07 Loaded file C:\Program Files\OrCAD\Layout_Plus\data\template.imp
Sat Jan 05 14:06:38 Loaded file C:\Program Files\OrCAD\Layout_Plus\library\SOJ.llb
Sat Jan 05 14:06:40 Loaded file C:\Program Files\OrCAD\Layout_Plus\data\template.imp
Sat Jan 05 14:06:42 Loaded file C:\Program Files\OrCAD\Layout_Plus\data\template.imp
Sat Jan 05 14:06:43 Loaded file C:\Program Files\OrCAD\Layout_Plus\data\template.imp
Sat Jan 05 14:06:46 Loaded file C:\Program Files\OrCAD\Layout_Plus\data\template.imp
Sat Jan 05 14:06:46 Loaded file C:\Program Files\OrCAD\Layout_Plus\data\template.imp
Sat Jan 05 14:06:47 Loaded file C:\Program Files\OrCAD\Layout_Plus\data\template.imp
Sat Jan 05 14:07:27 Loaded file C:\Program Files\OrCAD\Layout_Plus\data\template.imp
Sat Jan 05 14:07:30 Loaded file C:\Program Files\OrCAD\Layout_Plus\library\SOG.llb
Sat Jan 05 14:07:36 Loaded file C:\Program Files\OrCAD\Layout_Plus\data\template.imp
Sat Jan 05 14:07:39 Loaded file C:\Program Files\OrCAD\Layout_Plus\data\template.imp
Sat Jan 05 14:07:41 Loaded file C:\Program Files\OrCAD\Layout_Plus\data\template.imp
Sat Jan 05 14:07:46 Loaded file C:\Program Files\OrCAD\Layout_Plus\data\template.imp
Sat Jan 05 14:09:42 Loaded file C:\Program Files\OrCAD\Layout_Plus\data\template.imp
Sat Jan 05 14:09:45 Loaded file C:\Program Files\OrCAD\Layout_Plus\data\template.imp
Sat Jan 05 14:09:45 Loaded file C:\Program Files\OrCAD\Layout_Plus\data\template.imp
Sat Jan 05 14:09:46 Loaded file C:\Program Files\OrCAD\Layout_Plus\data\template.imp
Sat Jan 05 14:09:47 Loaded file C:\Program Files\OrCAD\Layout_Plus\data\template.imp
Sat Jan 05 14:09:48 Loaded file C:\Program Files\OrCAD\Layout_Plus\data\template.imp
Sat Jan 05 14:09:49 Loaded file C:\Program Files\OrCAD\Layout_Plus\data\template.imp
Sat Jan 05 14:09:50 Loaded file C:\Program Files\OrCAD\Layout_Plus\data\template.imp
Sat Jan 05 14:09:51 Loaded file C:\Program Files\OrCAD\Layout_Plus\data\template.imp
Sat Jan 05 14:09:51 Loaded file C:\Program Files\OrCAD\Layout_Plus\data\template.imp
Sat Jan 05 14:09:55 Loaded file C:\Program Files\OrCAD\Layout_Plus\data\template.imp
Sat Jan 05 14:09:58 Loaded file C:\Program Files\OrCAD\Layout_Plus\data\template.imp
Sat Jan 05 14:10:02 Loaded file C:\Program Files\OrCAD\Layout_Plus\data\template.imp
Sat Jan 05 14:10:04 Loaded file C:\Program Files\OrCAD\Layout_Plus\data\template.imp
Sat Jan 05 14:10:06 Loaded file C:\Program Files\OrCAD\Layout_Plus\data\template.imp
Sat Jan 05 14:10:09 Loaded file C:\Program Files\OrCAD\Layout_Plus\data\template.imp
Sat Jan 05 14:10:11 Loaded file C:\Program Files\OrCAD\Layout_Plus\data\template.imp
Sat Jan 05 14:10:15 Loaded file C:\Program Files\OrCAD\Layout_Plus\data\template.imp
Sat Jan 05 14:10:20 Loaded file C:\Program Files\OrCAD\Layout_Plus\data\template.imp
Sat Jan 05 14:10:24 Loaded file C:\Program Files\OrCAD\Layout_Plus\data\template.imp
Sat Jan 05 14:10:25 Loaded file C:\Program Files\OrCAD\Layout_Plus\data\template.imp
Sat Jan 05 14:10:26 Loaded file C:\Program Files\OrCAD\Layout_Plus\data\template.imp
Sat Jan 05 14:10:26 Loaded file C:\Program Files\OrCAD\Layout_Plus\data\template.imp
Sat Jan 05 14:10:27 Loaded file C:\Program Files\OrCAD\Layout_Plus\data\template.imp
Sat Jan 05 14:10:28 Loaded file C:\Program Files\OrCAD\Layout_Plus\data\template.imp
Sat Jan 05 14:10:31 Loaded file C:\Program Files\OrCAD\Layout_Plus\data\template.imp
Sat Jan 05 14:10:32 Loaded file C:\Program Files\OrCAD\Layout_Plus\data\template.imp
Sat Jan 05 14:10:33 Loaded file C:\Program Files\OrCAD\Layout_Plus\data\template.imp
Sat Jan 05 14:10:34 Loaded file C:\Program Files\OrCAD\Layout_Plus\data\template.imp
Sat Jan 05 14:10:35 Loaded file C:\Program Files\OrCAD\Layout_Plus\data\template.imp
Sat Jan 05 14:10:36 Loaded file C:\Program Files\OrCAD\Layout_Plus\data\template.imp
Sat Jan 05 14:10:37 Loaded file C:\Program Files\OrCAD\Layout_Plus\data\template.imp
Sat Jan 05 14:10:39 Loaded file C:\Program Files\OrCAD\Layout_Plus\data\template.imp
Sat Jan 05 14:10:42 Loaded file C:\Program Files\OrCAD\Layout_Plus\data\template.imp
Sat Jan 05 14:10:43 Loaded file C:\Program Files\OrCAD\Layout_Plus\data\template.imp
Sat Jan 05 14:10:43 Loaded file C:\Program Files\OrCAD\Layout_Plus\data\template.imp
Sat Jan 05 14:10:44 Loaded file C:\Program Files\OrCAD\Layout_Plus\data\template.imp
Sat Jan 05 14:10:44 Loaded file C:\Program Files\OrCAD\Layout_Plus\data\template.imp
Sat Jan 05 14:10:47 Loaded file C:\Program Files\OrCAD\Layout_Plus\data\template.imp
Sat Jan 05 14:10:47 Loaded file C:\Program Files\OrCAD\Layout_Plus\data\template.imp
Sat Jan 05 14:10:48 Loaded file C:\Program Files\OrCAD\Layout_Plus\data\template.imp
Sat Jan 05 14:10:48 Loaded file C:\Program Files\OrCAD\Layout_Plus\data\template.imp
Sat Jan 05 14:10:49 Loaded file C:\Program Files\OrCAD\Layout_Plus\data\template.imp
Sat Jan 05 14:10:50 Loaded file C:\Program Files\OrCAD\Layout_Plus\data\template.imp
Sat Jan 05 14:10:50 Loaded file C:\Program Files\OrCAD\Layout_Plus\data\template.imp
Sat Jan 05 14:10:50 Loaded file C:\Program Files\OrCAD\Layout_Plus\data\template.imp
Sat Jan 05 14:10:51 Loaded file C:\Program Files\OrCAD\Layout_Plus\data\template.imp
Sat Jan 05 14:10:53 Loaded file C:\Program Files\OrCAD\Layout_Plus\data\template.imp
Sat Jan 05 14:10:54 Loaded file C:\Program Files\OrCAD\Layout_Plus\data\template.imp
Sat Jan 05 14:10:55 Loaded file C:\Program Files\OrCAD\Layout_Plus\data\template.imp
Sat Jan 05 14:10:56 Loaded file C:\Program Files\OrCAD\Layout_Plus\data\template.imp
Sat Jan 05 14:10:56 Loaded file C:\Program Files\OrCAD\Layout_Plus\data\template.imp
Sat Jan 05 14:10:58 Loaded file C:\Program Files\OrCAD\Layout_Plus\data\template.imp
Sat Jan 05 14:11:27 Loaded file C:\PROJECTS\ORCAD\ZZL.LLB
Sat Jan 05 14:11:27 Saved as file C:\PROJECTS\ORCAD\ZZL.LLB
Sat Jan 05 14:11:29 Loaded file C:\Program Files\OrCAD\Layout_Plus\library\STIFF.llb
Sat Jan 05 14:11:31 Loaded file C:\PROJECTS\ORCAD\ZZL.LLB
Sat Jan 05 14:11:32 Loaded file C:\Program Files\OrCAD\Layout_Plus\data\template.imp
Sat Jan 05 14:11:37 Loaded file C:\Program Files\OrCAD\Layout_Plus\data\template.imp
Sat Jan 05 14:11:38 Loaded file C:\Program Files\OrCAD\Layout_Plus\data\template.imp
Sat Jan 05 14:11:43 Loaded file C:\Program Files\OrCAD\Layout_Plus\data\template.imp
Sat Jan 05 14:11:58 Saved as file C:\PROJECTS\ORCAD\SWITCH\SWITCH.MAX
Sat Jan 05 14:16:08 Loaded file C:\PROJECTS\ORCAD\ZZL.LLB
Sat Jan 05 14:16:08 Saved as file C:\PROJECTS\ORCAD\ZZL.LLB
Sat Jan 05 14:16:23 Loaded file C:\Program Files\OrCAD\Layout_Plus\library\padstack.llb
Sat Jan 05 14:19:02 Loaded file C:\Program Files\OrCAD\Layout_Plus\library\padstack.llb
Sat Jan 05 14:22:43 Loaded file C:\PROJECTS\ORCAD\ZZL.LLB
Sat Jan 05 14:22:43 Saved as file C:\PROJECTS\ORCAD\ZZL.LLB
Sat Jan 05 14:24:15 Loaded file C:\PROJECTS\ORCAD\ZZL.LLB
Sat Jan 05 14:24:15 Saved as file C:\PROJECTS\ORCAD\ZZL.LLB
Sat Jan 05 14:24:23 Loaded file C:\Program Files\OrCAD\Layout_Plus\data\template.imp
Sat Jan 05 14:24:23 Loaded file C:\Program Files\OrCAD\Layout_Plus\data\template.imp
Sat Jan 05 14:24:23 Loaded file C:\Program Files\OrCAD\Layout_Plus\data\template.imp
Sat Jan 05 14:24:23 Loaded file C:\Program Files\OrCAD\Layout_Plus\data\template.imp
Sat Jan 05 14:24:24 Loaded file C:\PROJECTS\ORCAD\ZZL.LLB
Sat Jan 05 14:24:26 Loaded file C:\Program Files\OrCAD\Layout_Plus\data\template.imp
Sat Jan 05 14:24:42 Saved as file BACKUP1.MAX
Sat Jan 05 14:27:27 Saved as file C:\PROJECTS\ORCAD\SWITCH\SWITCH.MAX
Sat Jan 05 14:32:05 Saved as file BACKUP1.MAX
Sat Jan 05 14:32:05 Routed 8 connections in 0 seconds.
Sat Jan 05 14:32:05 Total is now 8 out of 59 (13%).
Sat Jan 05 14:32:05 Saved as file SWEEP1.MAX
Sat Jan 05 14:32:07 Saved as file BACKUP1.MAX
Sat Jan 05 14:32:07 Routed 44 connections in 1 seconds.
Sat Jan 05 14:32:07 Total is now 52 out of 59 (88%).
Sat Jan 05 14:32:07 Saved as file SWEEP2.MAX
Sat Jan 05 14:32:14 Routed 1 connections in 7 seconds.
Sat Jan 05 14:32:14 Total is now 53 out of 59 (89%).
Sat Jan 05 14:32:14 Saved as file SWEEP3.MAX
Sat Jan 05 14:32:26 No new connections routed.
Sat Jan 05 14:32:26 Total is now 53 out of 59 (89%).
Sat Jan 05 14:32:26 Saved as file SWEEP4.MAX
Sat Jan 05 14:32:39 Routed 2 connections in 12 seconds.
Sat Jan 05 14:32:39 Total is now 55 out of 59 (93%).
Sat Jan 05 14:32:39 Saved as file SWEEP5.MAX
Sat Jan 05 14:34:42 Saved as file BACKUP1.MAX
Sat Jan 05 14:35:06 Saved as file BACKUP1.MAX
Sat Jan 05 14:35:06 Routed 7 connections in 0 seconds.
Sat Jan 05 14:35:06 Total is now 37 out of 59 (62%).
Sat Jan 05 14:35:06 Saved as file SWEEP1.MAX
Sat Jan 05 14:35:08 Saved as file BACKUP1.MAX
Sat Jan 05 14:35:08 Routed 18 connections in 1 seconds.
Sat Jan 05 14:35:08 Total is now 55 out of 59 (93%).
Sat Jan 05 14:35:08 Saved as file SWEEP2.MAX
Sat Jan 05 14:35:11 No new connections routed.
Sat Jan 05 14:35:11 Total is now 55 out of 59 (93%).
Sat Jan 05 14:35:11 Saved as file SWEEP3.MAX
Sat Jan 05 14:35:20 Routed 1 connections in 8 seconds.
Sat Jan 05 14:35:20 Total is now 55 out of 59 (93%).
Sat Jan 05 14:35:20 Saved as file SWEEP4.MAX
Sat Jan 05 14:37:39 Saved as file C:\PROJECTS\ORCAD\SWITCH\SWITCH.MAX
Sat Jan 05 16:41:52 Saved as file BACKUP1.MAX
Sat Jan 05 16:41:52 Saved as file C:\PROJECTS\ORCAD\SWITCH\SWITCH.MAX
Sat Jan 05 16:41:52 UserDiv from Layout.INI for AutoECO: 60
Sat Jan 05 16:41:52 Loaded file C:\PROJECTS\ORCAD\SWITCH\SWITCH.MAX
Sat Jan 05 16:41:52 Loaded file C:\PROJECTS\ORCAD\ZZL.LLB
Sat Jan 05 16:41:52 Loaded file C:\Program Files\OrCAD\Layout_Plus\library\BCON100T.llb
Sat Jan 05 16:41:52 Loaded file C:\Program Files\OrCAD\Layout_Plus\library\BCON156T.llb
Sat Jan 05 16:41:52 Loaded file C:\Program Files\OrCAD\Layout_Plus\library\BGA.llb
Sat Jan 05 16:41:52 Loaded file C:\Program Files\OrCAD\Layout_Plus\library\CLCC.llb
Sat Jan 05 16:41:52 Loaded file C:\Program Files\OrCAD\Layout_Plus\library\DCON050T.llb
Sat Jan 05 16:41:52 Loaded file C:\Program Files\OrCAD\Layout_Plus\library\DCON085T.llb
Sat Jan 05 16:41:52 Loaded file C:\Program Files\OrCAD\Layout_Plus\library\DIMM050F.llb
Sat Jan 05 16:41:52 Loaded file C:\Program Files\OrCAD\Layout_Plus\library\DIMM050T.llb
Sat Jan 05 16:41:52 Loaded file C:\Program Files\OrCAD\Layout_Plus\library\DIN.llb
Sat Jan 05 16:41:52 Loaded file C:\Program Files\OrCAD\Layout_Plus\library\DIP100B.llb
Sat Jan 05 16:41:52 Loaded file C:\Program Files\OrCAD\Layout_Plus\library\DIP100T.llb
Sat Jan 05 16:41:52 Loaded file C:\Program Files\OrCAD\Layout_Plus\library\DSUBT.llb
Sat Jan 05 16:41:52 Loaded file C:\Program Files\OrCAD\Layout_Plus\library\DSUBT_HD.LLB
Sat Jan 05 16:41:52 Loaded file C:\Program Files\OrCAD\Layout_Plus\library\ECON100T.llb
Sat Jan 05 16:41:52 Loaded file C:\Program Files\OrCAD\Layout_Plus\library\FBUS.llb
Sat Jan 05 16:41:52 Loaded file C:\Program Files\OrCAD\Layout_Plus\library\ISA.llb
Sat Jan 05 16:41:52 Loaded file C:\Program Files\OrCAD\Layout_Plus\library\JUMPER.LLB
Sat Jan 05 16:41:52 Loaded file C:\Program Files\OrCAD\Layout_Plus\library\LAYOUT.llb
Sat Jan 05 16:41:52 Loaded file C:\Program Files\OrCAD\Layout_Plus\library\LCON100T.llb
Sat Jan 05 16:41:52 Loaded file C:\Program Files\OrCAD\Layout_Plus\library\PC104.llb
Sat Jan 05 16:41:52 Loaded file C:\Program Files\OrCAD\Layout_Plus\library\PCI.llb
Sat Jan 05 16:41:52 Loaded file C:\Program Files\OrCAD\Layout_Plus\library\PCON100T.llb
Sat Jan 05 16:41:52 Loaded file C:\Program Files\OrCAD\Layout_Plus\library\PCON156T.llb
Sat Jan 05 16:41:52 Loaded file C:\Program Files\OrCAD\Layout_Plus\library\PGA.llb
Sat Jan 05 16:41:52 Loaded file C:\Program Files\OrCAD\Layout_Plus\library\PLCC.llb
Sat Jan 05 16:41:52 Loaded file C:\Program Files\OrCAD\Layout_Plus\library\QUAD.llb
Sat Jan 05 16:41:52 Loaded file C:\Program Files\OrCAD\Layout_Plus\library\QUADB.llb
Sat Jan 05 16:41:52 Loaded file C:\Program Files\OrCAD\Layout_Plus\library\RELAY.llb
Sat Jan 05 16:41:52 Loaded file C:\Program Files\OrCAD\Layout_Plus\library\RF.llb
Sat Jan 05 16:41:52 Loaded file C:\Program Files\OrCAD\Layout_Plus\library\SBUS.llb
Sat Jan 05 16:41:52 Loaded file C:\Program Files\OrCAD\Layout_Plus\library\SIMM050F.llb
Sat Jan 05 16:41:52 Loaded file C:\Program Files\OrCAD\Layout_Plus\library\SIMM050T.llb
Sat Jan 05 16:41:52 Loaded file C:\Program Files\OrCAD\Layout_Plus\library\SIMM100F.llb
Sat Jan 05 16:41:52 Loaded file C:\Program Files\OrCAD\Layout_Plus\library\SIMM100T.llb
Sat Jan 05 16:41:52 Loaded file C:\Program Files\OrCAD\Layout_Plus\library\SIP.llb
Sat Jan 05 16:41:52 Loaded file C:\Program Files\OrCAD\Layout_Plus\library\SM.llb
Sat Jan 05 16:41:52 Loaded file C:\Program Files\OrCAD\Layout_Plus\library\SOG.llb
Sat Jan 05 16:41:52 Loaded file C:\Program Files\OrCAD\Layout_Plus\library\SOJ.llb
Sat Jan 05 16:41:52 Loaded file C:\Program Files\OrCAD\Layout_Plus\library\STIFF.llb
Sat Jan 05 16:41:52 Loaded file C:\Program Files\OrCAD\Layout_Plus\library\TELE.llb
Sat Jan 05 16:41:52 Loaded file C:\Program Files\OrCAD\Layout_Plus\library\TM_AXIAL.llb
Sat Jan 05 16:41:52 Loaded file C:\Program Files\OrCAD\Layout_Plus\library\TM_CAP_P.llb
Sat Jan 05 16:41:52 Loaded file C:\Program Files\OrCAD\Layout_Plus\library\TM_CYLND.llb
Sat Jan 05 16:41:52 Loaded file C:\Program Files\OrCAD\Layout_Plus\library\TM_DIODE.llb
Sat Jan 05 16:41:52 Loaded file C:\Program Files\OrCAD\Layout_Plus\library\TM_DISC.llb
Sat Jan 05 16:41:52 Loaded file C:\Program Files\OrCAD\Layout_Plus\library\TM_RAD.llb
Sat Jan 05 16:41:52 Loaded file C:\Program Files\OrCAD\Layout_Plus\library\TO.llb
Sat Jan 05 16:41:52 Loaded file C:\Program Files\OrCAD\Layout_Plus\library\TRAINING.LLB
Sat Jan 05 16:41:52 Loaded file C:\Program Files\OrCAD\Layout_Plus\library\VRES.llb
Sat Jan 05 16:41:52 Loaded file C:\Program Files\OrCAD\Layout_Plus\library\WCON100T.llb
Sat Jan 05 16:41:52 Loaded file C:\Program Files\OrCAD\Layout_Plus\library\XT.llb
Sat Jan 05 16:41:52 Loaded file C:\Program Files\OrCAD\Layout_Plus\library\ZIGZAG.llb
Sat Jan 05 16:41:56 Loaded file C:\PROGRAM FILES\ORCAD\LAYOUT_PLUS\data\template.imp
Sat Jan 05 16:41:56 Loaded file C:\PROGRAM FILES\ORCAD\LAYOUT_PLUS\data\template.imp
Sat Jan 05 16:41:58 Loaded file C:\PROJECTS\ORCAD\ZZL.LLB
Sat Jan 05 16:41:59 Loaded file C:\PROGRAM FILES\ORCAD\LAYOUT_PLUS\data\template.imp
Sat Jan 05 16:41:59 Loaded file C:\PROGRAM FILES\ORCAD\LAYOUT_PLUS\data\template.imp
Sat Jan 05 16:42:00 Loaded file C:\PROGRAM FILES\ORCAD\LAYOUT_PLUS\data\template.imp
Sat Jan 05 16:42:00 Loaded file C:\PROGRAM FILES\ORCAD\LAYOUT_PLUS\data\template.imp
Sat Jan 05 16:42:01 Loaded file C:\PROGRAM FILES\ORCAD\LAYOUT_PLUS\data\template.imp
Sat Jan 05 16:42:01 Loaded file C:\PROGRAM FILES\ORCAD\LAYOUT_PLUS\data\template.imp
Sat Jan 05 16:42:01 Loaded file C:\PROGRAM FILES\ORCAD\LAYOUT_PLUS\data\template.imp
Sat Jan 05 16:42:02 Loaded file C:\PROGRAM FILES\ORCAD\LAYOUT_PLUS\data\template.imp
Sat Jan 05 16:42:02 Loaded file C:\PROGRAM FILES\ORCAD\LAYOUT_PLUS\data\template.imp
Sat Jan 05 16:42:02 Loaded file C:\PROGRAM FILES\ORCAD\LAYOUT_PLUS\data\template.imp
Sat Jan 05 16:42:03 Loaded file C:\PROGRAM FILES\ORCAD\LAYOUT_PLUS\data\template.imp
Sat Jan 05 16:42:03 Loaded file C:\PROGRAM FILES\ORCAD\LAYOUT_PLUS\data\template.imp
Sat Jan 05 16:42:03 Loaded file C:\PROGRAM FILES\ORCAD\LAYOUT_PLUS\data\template.imp
Sat Jan 05 16:42:04 Loaded file C:\PROGRAM FILES\ORCAD\LAYOUT_PLUS\data\template.imp
Sat Jan 05 16:42:04 Loaded file C:\PROGRAM FILES\ORCAD\LAYOUT_PLUS\data\template.imp
Sat Jan 05 16:42:04 Loaded file C:\PROGRAM FILES\ORCAD\LAYOUT_PLUS\data\template.imp
Sat Jan 05 16:42:04 Loaded file C:\PROGRAM FILES\ORCAD\LAYOUT_PLUS\data\template.imp
Sat Jan 05 16:42:05 Loaded file C:\PROGRAM FILES\ORCAD\LAYOUT_PLUS\data\template.imp
Sat Jan 05 16:42:05 Loaded file C:\PROGRAM FILES\ORCAD\LAYOUT_PLUS\data\template.imp
Sat Jan 05 16:42:05 Loaded file C:\PROGRAM FILES\ORCAD\LAYOUT_PLUS\data\template.imp
Sat Jan 05 16:42:05 Loaded file C:\PROGRAM FILES\ORCAD\LAYOUT_PLUS\data\template.imp
Sat Jan 05 16:42:05 Loaded file C:\PROGRAM FILES\ORCAD\LAYOUT_PLUS\data\template.imp
Sat Jan 05 16:42:06 Loaded file C:\PROGRAM FILES\ORCAD\LAYOUT_PLUS\data\template.imp
Sat Jan 05 16:42:06 Loaded file C:\PROGRAM FILES\ORCAD\LAYOUT_PLUS\data\template.imp
Sat Jan 05 16:42:06 Loaded file C:\PROGRAM FILES\ORCAD\LAYOUT_PLUS\data\template.imp
Sat Jan 05 16:42:06 Loaded file C:\PROGRAM FILES\ORCAD\LAYOUT_PLUS\data\template.imp
Sat Jan 05 16:42:07 Loaded file C:\PROGRAM FILES\ORCAD\LAYOUT_PLUS\data\template.imp
Sat Jan 05 16:42:07 Loaded file C:\PROGRAM FILES\ORCAD\LAYOUT_PLUS\data\template.imp
Sat Jan 05 16:42:07 Loaded file C:\PROGRAM FILES\ORCAD\LAYOUT_PLUS\data\template.imp
Sat Jan 05 16:42:07 Loaded file C:\PROGRAM FILES\ORCAD\LAYOUT_PLUS\data\template.imp
Sat Jan 05 16:42:08 Loaded file C:\PROGRAM FILES\ORCAD\LAYOUT_PLUS\data\template.imp
Sat Jan 05 16:42:11 Loaded file C:\PROGRAM FILES\ORCAD\LAYOUT_PLUS\data\template.imp
Sat Jan 05 16:42:12 Loaded file C:\PROGRAM FILES\ORCAD\LAYOUT_PLUS\data\template.imp
Sat Jan 05 16:42:12 Loaded file C:\PROGRAM FILES\ORCAD\LAYOUT_PLUS\data\template.imp
Sat Jan 05 16:42:12 Loaded file C:\PROGRAM FILES\ORCAD\LAYOUT_PLUS\data\template.imp
Sat Jan 05 16:42:14 Loaded file C:\PROGRAM FILES\ORCAD\LAYOUT_PLUS\data\template.imp
Sat Jan 05 16:42:14 Loaded file C:\PROGRAM FILES\ORCAD\LAYOUT_PLUS\data\template.imp
Sat Jan 05 16:42:14 Loaded file C:\PROGRAM FILES\ORCAD\LAYOUT_PLUS\data\template.imp
Sat Jan 05 16:42:17 Loaded file C:\PROGRAM FILES\ORCAD\LAYOUT_PLUS\data\template.imp
Sat Jan 05 16:42:22 Loaded file C:\PROJECTS\ORCAD\ZZL.LLB
Sat Jan 05 16:42:22 Saved as file C:\PROJECTS\ORCAD\SWITCH\SWITCH.MAX
Sat Jan 05 16:42:22 Loaded file C:\PROJECTS\ORCAD\SWITCH\SWITCH.MAX
Sat Jan 05 16:52:21 Saved as file BACKUP1.MAX
Sat Jan 05 16:54:48 Saved as file C:\PROJECTS\ORCAD\SWITCH\SWITCH.MAX
Sat Jan 05 16:54:56 Saved as file BACKUP1.MAX
Sat Jan 05 16:54:56 Routed 6 connections in 0 seconds.
Sat Jan 05 16:54:56 Total is now 6 out of 55 (10%).
Sat Jan 05 16:54:56 Saved as file SWEEP1.MAX
Sat Jan 05 16:54:58 Saved as file BACKUP1.MAX
Sat Jan 05 16:54:58 Routed 47 connections in 2 seconds.
Sat Jan 05 16:54:58 Total is now 53 out of 55 (96%).
Sat Jan 05 16:54:58 Saved as file SWEEP2.MAX
Sat Jan 05 16:54:59 Routed 1 connections in 1 seconds.
Sat Jan 05 16:54:59 Total is now 54 out of 55 (98%).
Sat Jan 05 16:54:59 Saved as file SWEEP3.MAX
Sat Jan 05 16:55:01 No new connections routed.
Sat Jan 05 16:55:01 Total is now 54 out of 55 (98%).
Sat Jan 05 16:55:01 Saved as file SWEEP4.MAX
Sat Jan 05 16:55:03 No new connections routed.
Sat Jan 05 16:55:03 Total is now 54 out of 55 (98%).
Sat Jan 05 16:55:03 Saved as file SWEEP5.MAX
Sat Jan 05 17:02:21 Saved as file BACKUP1.MAX
Sat Jan 05 17:03:19 Saved as file C:\PROJECTS\ORCAD\SWITCH\SWITCH.MAX
Sat Jan 05 17:12:21 Saved as file BACKUP1.MAX
Sat Jan 05 17:22:21 Saved as file BACKUP1.MAX
Sat Jan 05 17:28:54 Saved as file C:\PROJECTS\ORCAD\SWITCH\SWITCH.MAX
Sat Jan 05 17:29:12 Saved as file BACKUP1.MAX
Sat Jan 05 17:29:12 Saved as file C:\PROJECTS\ORCAD\SWITCH\SWITCH.MAX
Sat Jan 05 17:29:12 UserDiv from Layout.INI for AutoECO: 60
Sat Jan 05 17:29:12 Loaded file C:\PROJECTS\ORCAD\SWITCH\SWITCH.MAX
Sat Jan 05 17:29:12 Loaded file C:\PROJECTS\ORCAD\ZZL.LLB
Sat Jan 05 17:29:12 Loaded file C:\Program Files\OrCAD\Layout_Plus\library\BCON100T.llb
Sat Jan 05 17:29:12 Loaded file C:\Program Files\OrCAD\Layout_Plus\library\BCON156T.llb
Sat Jan 05 17:29:12 Loaded file C:\Program Files\OrCAD\Layout_Plus\library\BGA.llb
Sat Jan 05 17:29:12 Loaded file C:\Program Files\OrCAD\Layout_Plus\library\CLCC.llb
Sat Jan 05 17:29:12 Loaded file C:\Program Files\OrCAD\Layout_Plus\library\DCON050T.llb
Sat Jan 05 17:29:12 Loaded file C:\Program Files\OrCAD\Layout_Plus\library\DCON085T.llb
Sat Jan 05 17:29:12 Loaded file C:\Program Files\OrCAD\Layout_Plus\library\DIMM050F.llb
Sat Jan 05 17:29:12 Loaded file C:\Program Files\OrCAD\Layout_Plus\library\DIMM050T.llb
Sat Jan 05 17:29:12 Loaded file C:\Program Files\OrCAD\Layout_Plus\library\DIN.llb
Sat Jan 05 17:29:12 Loaded file C:\Program Files\OrCAD\Layout_Plus\library\DIP100B.llb
Sat Jan 05 17:29:12 Loaded file C:\Program Files\OrCAD\Layout_Plus\library\DIP100T.llb
Sat Jan 05 17:29:12 Loaded file C:\Program Files\OrCAD\Layout_Plus\library\DSUBT.llb
Sat Jan 05 17:29:12 Loaded file C:\Program Files\OrCAD\Layout_Plus\library\DSUBT_HD.LLB
Sat Jan 05 17:29:12 Loaded file C:\Program Files\OrCAD\Layout_Plus\library\ECON100T.llb
Sat Jan 05 17:29:12 Loaded file C:\Program Files\OrCAD\Layout_Plus\library\FBUS.llb
Sat Jan 05 17:29:12 Loaded file C:\Program Files\OrCAD\Layout_Plus\library\ISA.llb
Sat Jan 05 17:29:12 Loaded file C:\Program Files\OrCAD\Layout_Plus\library\JUMPER.LLB
Sat Jan 05 17:29:12 Loaded file C:\Program Files\OrCAD\Layout_Plus\library\LAYOUT.llb
Sat Jan 05 17:29:12 Loaded file C:\Program Files\OrCAD\Layout_Plus\library\LCON100T.llb
Sat Jan 05 17:29:12 Loaded file C:\Program Files\OrCAD\Layout_Plus\library\PC104.llb
Sat Jan 05 17:29:12 Loaded file C:\Program Files\OrCAD\Layout_Plus\library\PCI.llb
Sat Jan 05 17:29:12 Loaded file C:\Program Files\OrCAD\Layout_Plus\library\PCON100T.llb
Sat Jan 05 17:29:12 Loaded file C:\Program Files\OrCAD\Layout_Plus\library\PCON156T.llb
Sat Jan 05 17:29:12 Loaded file C:\Program Files\OrCAD\Layout_Plus\library\PGA.llb
Sat Jan 05 17:29:12 Loaded file C:\Program Files\OrCAD\Layout_Plus\library\PLCC.llb
Sat Jan 05 17:29:12 Loaded file C:\Program Files\OrCAD\Layout_Plus\library\QUAD.llb
Sat Jan 05 17:29:12 Loaded file C:\Program Files\OrCAD\Layout_Plus\library\QUADB.llb
Sat Jan 05 17:29:12 Loaded file C:\Program Files\OrCAD\Layout_Plus\library\RELAY.llb
Sat Jan 05 17:29:12 Loaded file C:\Program Files\OrCAD\Layout_Plus\library\RF.llb
Sat Jan 05 17:29:12 Loaded file C:\Program Files\OrCAD\Layout_Plus\library\SBUS.llb
Sat Jan 05 17:29:12 Loaded file C:\Program Files\OrCAD\Layout_Plus\library\SIMM050F.llb
Sat Jan 05 17:29:12 Loaded file C:\Program Files\OrCAD\Layout_Plus\library\SIMM050T.llb
Sat Jan 05 17:29:12 Loaded file C:\Program Files\OrCAD\Layout_Plus\library\SIMM100F.llb
Sat Jan 05 17:29:12 Loaded file C:\Program Files\OrCAD\Layout_Plus\library\SIMM100T.llb
Sat Jan 05 17:29:12 Loaded file C:\Program Files\OrCAD\Layout_Plus\library\SIP.llb
Sat Jan 05 17:29:12 Loaded file C:\Program Files\OrCAD\Layout_Plus\library\SM.llb
Sat Jan 05 17:29:12 Loaded file C:\Program Files\OrCAD\Layout_Plus\library\SOG.llb
Sat Jan 05 17:29:12 Loaded file C:\Program Files\OrCAD\Layout_Plus\library\SOJ.llb
Sat Jan 05 17:29:12 Loaded file C:\Program Files\OrCAD\Layout_Plus\library\STIFF.llb
Sat Jan 05 17:29:12 Loaded file C:\Program Files\OrCAD\Layout_Plus\library\TELE.llb
Sat Jan 05 17:29:12 Loaded file C:\Program Files\OrCAD\Layout_Plus\library\TM_AXIAL.llb
Sat Jan 05 17:29:12 Loaded file C:\Program Files\OrCAD\Layout_Plus\library\TM_CAP_P.llb
Sat Jan 05 17:29:12 Loaded file C:\Program Files\OrCAD\Layout_Plus\library\TM_CYLND.llb
Sat Jan 05 17:29:12 Loaded file C:\Program Files\OrCAD\Layout_Plus\library\TM_DIODE.llb
Sat Jan 05 17:29:12 Loaded file C:\Program Files\OrCAD\Layout_Plus\library\TM_DISC.llb
Sat Jan 05 17:29:12 Loaded file C:\Program Files\OrCAD\Layout_Plus\library\TM_RAD.llb
Sat Jan 05 17:29:12 Loaded file C:\Program Files\OrCAD\Layout_Plus\library\TO.llb
Sat Jan 05 17:29:12 Loaded file C:\Program Files\OrCAD\Layout_Plus\library\TRAINING.LLB
Sat Jan 05 17:29:12 Loaded file C:\Program Files\OrCAD\Layout_Plus\library\VRES.llb
Sat Jan 05 17:29:12 Loaded file C:\Program Files\OrCAD\Layout_Plus\library\WCON100T.llb
Sat Jan 05 17:29:12 Loaded file C:\Program Files\OrCAD\Layout_Plus\library\XT.llb
Sat Jan 05 17:29:12 Loaded file C:\Program Files\OrCAD\Layout_Plus\library\ZIGZAG.llb
Sat Jan 05 17:29:12 Saved as file C:\PROJECTS\ORCAD\SWITCH\SWITCH.MAX
Sat Jan 05 17:29:14 Loaded file C:\PROJECTS\ORCAD\SWITCH\SWITCH.MAX
Sat Jan 05 17:39:41 Saved as file BACKUP1.MAX
Sat Jan 05 17:41:21 Saved as file C:\PROJECTS\ORCAD\SWITCH\SWITCH.MAX
Sat Jan 05 18:27:57 Saved as file BACKUP1.MAX
Sat Jan 05 18:37:58 Saved as file BACKUP1.MAX
Sat Jan 05 18:47:58 Saved as file BACKUP1.MAX
Sat Jan 05 18:58:28 Saved as file BACKUP1.MAX
Sat Jan 05 18:59:38 Saved as file C:\PROJECTS\ORCAD\SWITCH\SWITCH.MAX
Sat Jan 26 18:24:33 Saved as file BACKUP1.MAX
Sat Jan 26 18:24:33 Saved as file C:\PROJECTS\ORCAD\SWITCH\SWITCH.MAX
Sat Jan 26 18:24:33 UserDiv from Layout.INI for AutoECO: 60
Sat Jan 26 18:24:33 Loaded file C:\PROJECTS\ORCAD\SWITCH\SWITCH.MAX
Sat Jan 26 18:24:33 Loaded file C:\PROJECTS\ORCAD\ZZL.LLB
Sat Jan 26 18:24:33 Loaded file C:\Program Files\OrCAD\Layout_Plus\library\BCON100T.llb
Sat Jan 26 18:24:33 Loaded file C:\Program Files\OrCAD\Layout_Plus\library\BCON156T.llb
Sat Jan 26 18:24:33 Loaded file C:\Program Files\OrCAD\Layout_Plus\library\BGA.llb
Sat Jan 26 18:24:33 Loaded file C:\Program Files\OrCAD\Layout_Plus\library\CLCC.llb
Sat Jan 26 18:24:33 Loaded file C:\Program Files\OrCAD\Layout_Plus\library\DCON050T.llb
Sat Jan 26 18:24:33 Loaded file C:\Program Files\OrCAD\Layout_Plus\library\DCON085T.llb
Sat Jan 26 18:24:33 Loaded file C:\Program Files\OrCAD\Layout_Plus\library\DIMM050F.llb
Sat Jan 26 18:24:33 Loaded file C:\Program Files\OrCAD\Layout_Plus\library\DIMM050T.llb
Sat Jan 26 18:24:33 Loaded file C:\Program Files\OrCAD\Layout_Plus\library\DIN.llb
Sat Jan 26 18:24:33 Loaded file C:\Program Files\OrCAD\Layout_Plus\library\DIP100B.llb
Sat Jan 26 18:24:33 Loaded file C:\Program Files\OrCAD\Layout_Plus\library\DIP100T.llb
Sat Jan 26 18:24:33 Loaded file C:\Program Files\OrCAD\Layout_Plus\library\DSUBT.llb
Sat Jan 26 18:24:33 Loaded file C:\Program Files\OrCAD\Layout_Plus\library\DSUBT_HD.LLB
Sat Jan 26 18:24:33 Loaded file C:\Program Files\OrCAD\Layout_Plus\library\ECON100T.llb
Sat Jan 26 18:24:33 Loaded file C:\Program Files\OrCAD\Layout_Plus\library\FBUS.llb
Sat Jan 26 18:24:33 Loaded file C:\Program Files\OrCAD\Layout_Plus\library\ISA.llb
Sat Jan 26 18:24:33 Loaded file C:\Program Files\OrCAD\Layout_Plus\library\JUMPER.LLB
Sat Jan 26 18:24:33 Loaded file C:\Program Files\OrCAD\Layout_Plus\library\LAYOUT.llb
Sat Jan 26 18:24:33 Loaded file C:\Program Files\OrCAD\Layout_Plus\library\LCON100T.llb
Sat Jan 26 18:24:33 Loaded file C:\Program Files\OrCAD\Layout_Plus\library\PC104.llb
Sat Jan 26 18:24:33 Loaded file C:\Program Files\OrCAD\Layout_Plus\library\PCI.llb
Sat Jan 26 18:24:33 Loaded file C:\Program Files\OrCAD\Layout_Plus\library\PCON100T.llb
Sat Jan 26 18:24:33 Loaded file C:\Program Files\OrCAD\Layout_Plus\library\PCON156T.llb
Sat Jan 26 18:24:33 Loaded file C:\Program Files\OrCAD\Layout_Plus\library\PGA.llb
Sat Jan 26 18:24:33 Loaded file C:\Program Files\OrCAD\Layout_Plus\library\PLCC.llb
Sat Jan 26 18:24:33 Loaded file C:\Program Files\OrCAD\Layout_Plus\library\QUAD.llb
Sat Jan 26 18:24:33 Loaded file C:\Program Files\OrCAD\Layout_Plus\library\QUADB.llb
Sat Jan 26 18:24:33 Loaded file C:\Program Files\OrCAD\Layout_Plus\library\RELAY.llb
Sat Jan 26 18:24:33 Loaded file C:\Program Files\OrCAD\Layout_Plus\library\RF.llb
Sat Jan 26 18:24:33 Loaded file C:\Program Files\OrCAD\Layout_Plus\library\SBUS.llb
Sat Jan 26 18:24:33 Loaded file C:\Program Files\OrCAD\Layout_Plus\library\SIMM050F.llb
Sat Jan 26 18:24:33 Loaded file C:\Program Files\OrCAD\Layout_Plus\library\SIMM050T.llb
Sat Jan 26 18:24:33 Loaded file C:\Program Files\OrCAD\Layout_Plus\library\SIMM100F.llb
Sat Jan 26 18:24:33 Loaded file C:\Program Files\OrCAD\Layout_Plus\library\SIMM100T.llb
Sat Jan 26 18:24:33 Loaded file C:\Program Files\OrCAD\Layout_Plus\library\SIP.llb
Sat Jan 26 18:24:33 Loaded file C:\Program Files\OrCAD\Layout_Plus\library\SM.llb
Sat Jan 26 18:24:33 Loaded file C:\Program Files\OrCAD\Layout_Plus\library\SOG.llb
Sat Jan 26 18:24:33 Loaded file C:\Program Files\OrCAD\Layout_Plus\library\SOJ.llb
Sat Jan 26 18:24:33 Loaded file C:\Program Files\OrCAD\Layout_Plus\library\STIFF.llb
Sat Jan 26 18:24:33 Loaded file C:\Program Files\OrCAD\Layout_Plus\library\TELE.llb
Sat Jan 26 18:24:33 Loaded file C:\Program Files\OrCAD\Layout_Plus\library\TM_AXIAL.llb
Sat Jan 26 18:24:33 Loaded file C:\Program Files\OrCAD\Layout_Plus\library\TM_CAP_P.llb
Sat Jan 26 18:24:33 Loaded file C:\Program Files\OrCAD\Layout_Plus\library\TM_CYLND.llb
Sat Jan 26 18:24:33 Loaded file C:\Program Files\OrCAD\Layout_Plus\library\TM_DIODE.llb
Sat Jan 26 18:24:33 Loaded file C:\Program Files\OrCAD\Layout_Plus\library\TM_DISC.llb
Sat Jan 26 18:24:33 Loaded file C:\Program Files\OrCAD\Layout_Plus\library\TM_RAD.llb
Sat Jan 26 18:24:33 Loaded file C:\Program Files\OrCAD\Layout_Plus\library\TO.llb
Sat Jan 26 18:24:33 Loaded file C:\Program Files\OrCAD\Layout_Plus\library\TRAINING.LLB
Sat Jan 26 18:24:33 Loaded file C:\Program Files\OrCAD\Layout_Plus\library\VRES.llb
Sat Jan 26 18:24:33 Loaded file C:\Program Files\OrCAD\Layout_Plus\library\WCON100T.llb
Sat Jan 26 18:24:33 Loaded file C:\Program Files\OrCAD\Layout_Plus\library\XT.llb
Sat Jan 26 18:24:33 Loaded file C:\Program Files\OrCAD\Layout_Plus\library\ZIGZAG.llb
Sat Jan 26 18:24:33 Saved as file C:\PROJECTS\ORCAD\SWITCH\SWITCH.MAX
Sat Jan 26 18:24:34 Loaded file C:\PROJECTS\ORCAD\SWITCH\SWITCH.MAX
Sat Jan 26 18:35:01 Saved as file BACKUP1.MAX
Sat Jan 26 18:36:21 Saved as file C:\PROJECTS\ORCAD\SWITCH\SWITCH.MAX
Sat Jan 26 18:41:02 Saved as file C:\PROJECTS\ORCAD\SWITCH\SWITCH.MAX
Sat Jan 26 18:41:23 Saved as file C:\PROJECTS\ORCAD\SWITCH\SWITCH.MAX
Sat Feb 09 18:39:47 Loaded file C:\Program Files\OrCAD\Layout_Plus\data\template.imp
Sat Feb 09 18:39:47 Loaded file C:\Program Files\OrCAD\Layout_Plus\data\template.imp
Sat Feb 09 18:39:49 Loaded file C:\PROJECTS\ORCAD\ZZL.LLB
Sat Feb 09 18:39:51 Loaded file C:\Program Files\OrCAD\Layout_Plus\data\template.imp
Sat Feb 09 18:39:52 Loaded file C:\Program Files\OrCAD\Layout_Plus\data\template.imp
Sat Feb 09 18:40:26 Loaded file C:\Program Files\OrCAD\Layout_Plus\data\template.imp
Sat Feb 09 18:40:26 Loaded file C:\Program Files\OrCAD\Layout_Plus\data\template.imp
Sat Feb 09 18:40:26 Loaded file C:\Program Files\OrCAD\Layout_Plus\data\template.imp
Sat Feb 09 18:40:26 Loaded file C:\Program Files\OrCAD\Layout_Plus\data\template.imp
Sat Feb 09 18:40:28 Loaded file C:\PROJECTS\ORCAD\ZZL.LLB
Sat Feb 09 18:40:29 Loaded file C:\Program Files\OrCAD\Layout_Plus\data\template.imp
Sat Feb 09 18:40:41 Loaded file C:\Program Files\OrCAD\Layout_Plus\data\template.imp
Sat Feb 09 18:40:41 Loaded file C:\Program Files\OrCAD\Layout_Plus\data\template.imp
Sat Feb 09 18:40:41 Loaded file C:\Program Files\OrCAD\Layout_Plus\data\template.imp
Sat Feb 09 18:40:41 Loaded file C:\Program Files\OrCAD\Layout_Plus\data\template.imp
Sat Feb 09 18:40:43 Loaded file C:\PROJECTS\ORCAD\ZZL.LLB
Sat Feb 09 18:40:44 Loaded file C:\Program Files\OrCAD\Layout_Plus\data\template.imp
Sat Feb 09 18:41:01 Loaded file C:\Program Files\OrCAD\Layout_Plus\data\template.imp
Sat Feb 09 18:41:01 Loaded file C:\Program Files\OrCAD\Layout_Plus\data\template.imp
Sat Feb 09 18:41:01 Loaded file C:\Program Files\OrCAD\Layout_Plus\data\template.imp
Sat Feb 09 18:41:01 Loaded file C:\Program Files\OrCAD\Layout_Plus\data\template.imp
Sat Feb 09 18:41:03 Loaded file C:\PROJECTS\ORCAD\ZZL.LLB
Sat Feb 09 18:41:05 Loaded file C:\Program Files\OrCAD\Layout_Plus\data\template.imp
Sat Feb 09 18:50:05 Saved as file BACKUP1.MAX
Sat Feb 09 18:56:59 Loaded file C:\Program Files\OrCAD\Layout_Plus\data\template.imp
Sat Feb 09 18:56:59 Loaded file C:\Program Files\OrCAD\Layout_Plus\data\template.imp
Sat Feb 09 18:57:01 Loaded file C:\PROJECTS\ORCAD\ZZL.LLB
Sat Feb 09 18:57:02 Loaded file C:\Program Files\OrCAD\Layout_Plus\data\template.imp
Sat Feb 09 19:00:05 Saved as file BACKUP1.MAX
Sat Feb 09 19:10:06 Saved as file BACKUP1.MAX
Sat Feb 09 19:22:36 Saved as file BACKUP1.MAX
Sat Feb 09 19:33:36 Saved as file BACKUP1.MAX
Sat Feb 09 19:39:24 Saved as file C:\PROJECTS\ORCAD\SWITCH\SWITCH.MAX
Sat Feb 09 19:51:01 Saved as file BACKUP1.MAX
Sat Feb 09 20:01:01 Saved as file BACKUP1.MAX
Sat Feb 09 20:11:31 Saved as file BACKUP1.MAX
Sat Feb 09 20:21:04 Saved as file C:\PROJECTS\ORCAD\SWITCH\SWITCH.MAX
Sat Feb 09 20:21:05 Saved as file C:\PROJECTS\ORCAD\SWITCH\SWITCH.MAX
Sun Feb 10 12:55:47 Saved as file C:\PROJECTS\ORCAD\SWITCH\SWITCH.MAX
Sun Feb 10 17:43:52 Saved as file BACKUP1.MAX
Sun Feb 10 17:43:52 Saved as file C:\PROJECTS\ORCAD\SWITCH\SWITCH.MAX
Sun Feb 10 17:43:53 UserDiv from Layout.INI for AutoECO: 60
Sun Feb 10 17:43:53 Loaded file C:\PROJECTS\ORCAD\SWITCH\SWITCH.MAX
Sun Feb 10 17:43:53 Loaded file C:\PROJECTS\ORCAD\ZZL.LLB
Sun Feb 10 17:43:53 Loaded file C:\Program Files\OrCAD\Layout_Plus\library\BCON100T.llb
Sun Feb 10 17:43:53 Loaded file C:\Program Files\OrCAD\Layout_Plus\library\BCON156T.llb
Sun Feb 10 17:43:53 Loaded file C:\Program Files\OrCAD\Layout_Plus\library\BGA.llb
Sun Feb 10 17:43:53 Loaded file C:\Program Files\OrCAD\Layout_Plus\library\CLCC.llb
Sun Feb 10 17:43:53 Loaded file C:\Program Files\OrCAD\Layout_Plus\library\DCON050T.llb
Sun Feb 10 17:43:53 Loaded file C:\Program Files\OrCAD\Layout_Plus\library\DCON085T.llb
Sun Feb 10 17:43:53 Loaded file C:\Program Files\OrCAD\Layout_Plus\library\DIMM050F.llb
Sun Feb 10 17:43:53 Loaded file C:\Program Files\OrCAD\Layout_Plus\library\DIMM050T.llb
Sun Feb 10 17:43:53 Loaded file C:\Program Files\OrCAD\Layout_Plus\library\DIN.llb
Sun Feb 10 17:43:53 Loaded file C:\Program Files\OrCAD\Layout_Plus\library\DIP100B.llb
Sun Feb 10 17:43:53 Loaded file C:\Program Files\OrCAD\Layout_Plus\library\DIP100T.llb
Sun Feb 10 17:43:53 Loaded file C:\Program Files\OrCAD\Layout_Plus\library\DSUBT.llb
Sun Feb 10 17:43:53 Loaded file C:\Program Files\OrCAD\Layout_Plus\library\DSUBT_HD.LLB
Sun Feb 10 17:43:53 Loaded file C:\Program Files\OrCAD\Layout_Plus\library\ECON100T.llb
Sun Feb 10 17:43:53 Loaded file C:\Program Files\OrCAD\Layout_Plus\library\FBUS.llb
Sun Feb 10 17:43:53 Loaded file C:\Program Files\OrCAD\Layout_Plus\library\ISA.llb
Sun Feb 10 17:43:53 Loaded file C:\Program Files\OrCAD\Layout_Plus\library\JUMPER.LLB
Sun Feb 10 17:43:53 Loaded file C:\Program Files\OrCAD\Layout_Plus\library\LAYOUT.llb
Sun Feb 10 17:43:53 Loaded file C:\Program Files\OrCAD\Layout_Plus\library\LCON100T.llb
Sun Feb 10 17:43:53 Loaded file C:\Program Files\OrCAD\Layout_Plus\library\PC104.llb
Sun Feb 10 17:43:53 Loaded file C:\Program Files\OrCAD\Layout_Plus\library\PCI.llb
Sun Feb 10 17:43:53 Loaded file C:\Program Files\OrCAD\Layout_Plus\library\PCON100T.llb
Sun Feb 10 17:43:53 Loaded file C:\Program Files\OrCAD\Layout_Plus\library\PCON156T.llb
Sun Feb 10 17:43:53 Loaded file C:\Program Files\OrCAD\Layout_Plus\library\PGA.llb
Sun Feb 10 17:43:53 Loaded file C:\Program Files\OrCAD\Layout_Plus\library\PLCC.llb
Sun Feb 10 17:43:53 Loaded file C:\Program Files\OrCAD\Layout_Plus\library\QUAD.llb
Sun Feb 10 17:43:53 Loaded file C:\Program Files\OrCAD\Layout_Plus\library\QUADB.llb
Sun Feb 10 17:43:53 Loaded file C:\Program Files\OrCAD\Layout_Plus\library\RELAY.llb
Sun Feb 10 17:43:53 Loaded file C:\Program Files\OrCAD\Layout_Plus\library\RF.llb
Sun Feb 10 17:43:53 Loaded file C:\Program Files\OrCAD\Layout_Plus\library\SBUS.llb
Sun Feb 10 17:43:53 Loaded file C:\Program Files\OrCAD\Layout_Plus\library\SIMM050F.llb
Sun Feb 10 17:43:53 Loaded file C:\Program Files\OrCAD\Layout_Plus\library\SIMM050T.llb
Sun Feb 10 17:43:53 Loaded file C:\Program Files\OrCAD\Layout_Plus\library\SIMM100F.llb
Sun Feb 10 17:43:53 Loaded file C:\Program Files\OrCAD\Layout_Plus\library\SIMM100T.llb
Sun Feb 10 17:43:53 Loaded file C:\Program Files\OrCAD\Layout_Plus\library\SIP.llb
Sun Feb 10 17:43:53 Loaded file C:\Program Files\OrCAD\Layout_Plus\library\SM.llb
Sun Feb 10 17:43:53 Loaded file C:\Program Files\OrCAD\Layout_Plus\library\SOG.llb
Sun Feb 10 17:43:53 Loaded file C:\Program Files\OrCAD\Layout_Plus\library\SOJ.llb
Sun Feb 10 17:43:53 Loaded file C:\Program Files\OrCAD\Layout_Plus\library\STIFF.llb
Sun Feb 10 17:43:53 Loaded file C:\Program Files\OrCAD\Layout_Plus\library\TELE.llb
Sun Feb 10 17:43:53 Loaded file C:\Program Files\OrCAD\Layout_Plus\library\TM_AXIAL.llb
Sun Feb 10 17:43:53 Loaded file C:\Program Files\OrCAD\Layout_Plus\library\TM_CAP_P.llb
Sun Feb 10 17:43:53 Loaded file C:\Program Files\OrCAD\Layout_Plus\library\TM_CYLND.llb
Sun Feb 10 17:43:53 Loaded file C:\Program Files\OrCAD\Layout_Plus\library\TM_DIODE.llb
Sun Feb 10 17:43:53 Loaded file C:\Program Files\OrCAD\Layout_Plus\library\TM_DISC.llb
Sun Feb 10 17:43:53 Loaded file C:\Program Files\OrCAD\Layout_Plus\library\TM_RAD.llb
Sun Feb 10 17:43:53 Loaded file C:\Program Files\OrCAD\Layout_Plus\library\TO.llb
Sun Feb 10 17:43:53 Loaded file C:\Program Files\OrCAD\Layout_Plus\library\TRAINING.LLB
Sun Feb 10 17:43:53 Loaded file C:\Program Files\OrCAD\Layout_Plus\library\VRES.llb
Sun Feb 10 17:43:53 Loaded file C:\Program Files\OrCAD\Layout_Plus\library\WCON100T.llb
Sun Feb 10 17:43:53 Loaded file C:\Program Files\OrCAD\Layout_Plus\library\XT.llb
Sun Feb 10 17:43:53 Loaded file C:\Program Files\OrCAD\Layout_Plus\library\ZIGZAG.llb
Sun Feb 10 17:43:53 Saved as file C:\PROJECTS\ORCAD\SWITCH\SWITCH.MAX
Sun Feb 10 17:43:54 Loaded file C:\PROJECTS\ORCAD\SWITCH\SWITCH.MAX
Sun Feb 10 17:54:50 Saved as file BACKUP1.MAX
Sun Feb 10 17:55:46 Saved as file C:\PROJECTS\ORCAD\SWITCH\SWITCH.MAX
Sun Feb 10 17:55:47 Saved as file C:\PROJECTS\ORCAD\SWITCH\SWITCH.MAX
Sat Feb 16 20:26:36 Saved as file C:\PROJECTS\ORCAD\SWITCH\SWITCH.MAX
Sun Feb 17 13:44:41 Saved as file BACKUP1.MAX
Sun Feb 17 13:54:41 Saved as file BACKUP1.MAX
Sun Feb 17 14:04:41 Saved as file BACKUP1.MAX
Sun Feb 17 14:14:41 Saved as file BACKUP1.MAX
Sun Feb 17 14:24:41 Saved as file BACKUP1.MAX
Sun Feb 17 14:34:41 Saved as file BACKUP1.MAX
Sat Mar 16 13:56:50 Loaded file C:\Program Files\OrCAD\Layout_Plus\data\template.imp
Sat Mar 16 13:56:50 Loaded file C:\Program Files\OrCAD\Layout_Plus\data\template.imp
Sat Mar 16 13:56:52 Loaded file C:\PROJECTS\ORCAD\ZZL.LLB
Sat Mar 16 13:56:54 Loaded file C:\Program Files\OrCAD\Layout_Plus\data\template.imp
Sat Mar 16 13:56:55 Loaded file C:\Program Files\OrCAD\Layout_Plus\data\template.imp
Sat Mar 16 13:56:58 Loaded file C:\Program Files\OrCAD\Layout_Plus\library\padstack.llb
Sat Mar 16 13:57:11 Loaded file C:\Program Files\OrCAD\Layout_Plus\data\template.imp
Sat Mar 16 13:57:13 Loaded file C:\Program Files\OrCAD\Layout_Plus\library\padstack.llb
Sat Mar 16 13:57:23 Loaded file C:\Program Files\OrCAD\Layout_Plus\data\template.imp
Sat Mar 16 13:57:26 Loaded file C:\Program Files\OrCAD\Layout_Plus\library\padstack.llb
Sat Mar 16 13:57:43 Loaded file C:\PROJECTS\ORCAD\ZZL.LLB
Sat Mar 16 13:57:43 Saved as file C:\PROJECTS\ORCAD\ZZL.LLB
Sat Mar 16 13:57:47 Loaded file C:\Program Files\OrCAD\Layout_Plus\library\BCON100T.llb
Sat Mar 16 13:57:48 Loaded file C:\PROJECTS\ORCAD\ZZL.LLB
Sat Mar 16 13:57:50 Loaded file C:\Program Files\OrCAD\Layout_Plus\data\template.imp
Sat Mar 16 13:58:02 Loaded file C:\Program Files\OrCAD\Layout_Plus\data\template.imp
Sat Mar 16 14:01:54 Saved as file C:\PROJECTS\ORCAD\SWITCH\SWITCH.MAX
Sat Mar 16 14:02:46 Loaded file C:\PROJECTS\ORCAD\ZZL.LLB
Sat Mar 16 14:02:46 Saved as file C:\PROJECTS\ORCAD\ZZL.LLB
Sat Mar 16 14:03:12 Saved as file BACKUP1.MAX
Sat Mar 16 14:03:16 Loaded file C:\Program Files\OrCAD\Layout_Plus\data\template.imp
Sat Mar 16 14:03:16 Loaded file C:\Program Files\OrCAD\Layout_Plus\data\template.imp
Sat Mar 16 14:03:18 Loaded file C:\PROJECTS\ORCAD\ZZL.LLB
Sat Mar 16 14:03:20 Loaded file C:\Program Files\OrCAD\Layout_Plus\data\template.imp
Sat Mar 16 14:07:52 Loaded file C:\Program Files\OrCAD\Layout_Plus\data\template.imp
Sat Mar 16 14:07:52 Loaded file C:\Program Files\OrCAD\Layout_Plus\data\template.imp
Sat Mar 16 14:07:54 Loaded file C:\PROJECTS\ORCAD\ZZL.LLB
Sat Mar 16 14:07:56 Loaded file C:\Program Files\OrCAD\Layout_Plus\data\template.imp
Sat Mar 16 14:10:11 Saved as file C:\PROJECTS\ORCAD\SWITCH\SWITCH.MAX
Sat Mar 16 14:13:12 Saved as file BACKUP1.MAX
Sat Mar 16 14:14:30 Saved as file C:\PROJECTS\ORCAD\SWITCH\SWITCH.MAX
Sat Mar 16 14:14:37 Loaded file C:\Program Files\OrCAD\Layout_Plus\data\template.imp
Sat Mar 16 14:14:37 Loaded file C:\Program Files\OrCAD\Layout_Plus\data\template.imp
Sat Mar 16 14:14:38 Loaded file C:\PROJECTS\ORCAD\ZZL.LLB
Sat Mar 16 14:14:40 Loaded file C:\Program Files\OrCAD\Layout_Plus\data\template.imp
Sat Mar 16 14:14:41 Loaded file C:\Program Files\OrCAD\Layout_Plus\data\template.imp
Sat Mar 16 14:14:43 Loaded file C:\Program Files\OrCAD\Layout_Plus\data\template.imp
Sat Mar 16 14:14:43 Loaded file C:\Program Files\OrCAD\Layout_Plus\data\template.imp
Sat Mar 16 14:14:44 Loaded file C:\Program Files\OrCAD\Layout_Plus\data\template.imp
Sat Mar 16 14:14:45 Loaded file C:\Program Files\OrCAD\Layout_Plus\data\template.imp
Sat Mar 16 14:14:45 Loaded file C:\Program Files\OrCAD\Layout_Plus\data\template.imp
Sat Mar 16 14:14:46 Loaded file C:\Program Files\OrCAD\Layout_Plus\data\template.imp
Sat Mar 16 14:14:46 Loaded file C:\Program Files\OrCAD\Layout_Plus\data\template.imp
Sat Mar 16 14:14:47 Loaded file C:\Program Files\OrCAD\Layout_Plus\data\template.imp
Sat Mar 16 14:14:47 Loaded file C:\Program Files\OrCAD\Layout_Plus\data\template.imp
Sat Mar 16 14:14:48 Loaded file C:\Program Files\OrCAD\Layout_Plus\data\template.imp
Sat Mar 16 14:14:49 Loaded file C:\Program Files\OrCAD\Layout_Plus\data\template.imp
Sat Mar 16 14:14:49 Loaded file C:\Program Files\OrCAD\Layout_Plus\data\template.imp
Sat Mar 16 14:14:50 Loaded file C:\Program Files\OrCAD\Layout_Plus\data\template.imp
Sat Mar 16 14:14:51 Loaded file C:\Program Files\OrCAD\Layout_Plus\data\template.imp
Sat Mar 16 14:14:51 Loaded file C:\Program Files\OrCAD\Layout_Plus\data\template.imp
Sat Mar 16 14:14:52 Loaded file C:\Program Files\OrCAD\Layout_Plus\data\template.imp
Sat Mar 16 14:15:00 Loaded file C:\Program Files\OrCAD\Layout_Plus\data\template.imp
Sat Mar 16 14:15:06 Loaded file C:\Program Files\OrCAD\Layout_Plus\library\padstack.llb
Sat Mar 16 14:15:28 Loaded file C:\Program Files\OrCAD\Layout_Plus\data\template.imp
Sat Mar 16 14:15:28 Loaded file C:\Program Files\OrCAD\Layout_Plus\data\template.imp
Sat Mar 16 14:15:30 Loaded file C:\PROJECTS\ORCAD\ZZL.LLB
Sat Mar 16 14:15:33 Loaded file C:\Program Files\OrCAD\Layout_Plus\data\template.imp
Sat Mar 16 14:17:59 Saved as file C:\PROJECTS\ORCAD\SWITCH\SWITCH.MAX
Sat Mar 16 14:18:05 Saved as file C:\PROJECTS\ORCAD\SWITCH\SWITCH.MAX
Sat Mar 16 14:31:02 Saved as file C:\PROJECTS\ORCAD\SWITCH\SWITCH.MAX
Sat Mar 16 14:41:59 Saved as file BACKUP1.MAX
Sat Mar 16 14:42:41 Saved as file C:\PROJECTS\ORCAD\SWITCH\SWITCH.MAX
Sun Apr 07 17:36:31 Saved as file BACKUP1.MAX
Sun Apr 07 18:02:32 Saved as file BACKUP1.MAX
Sun Apr 07 18:12:32 Saved as file BACKUP1.MAX
Sun Apr 07 18:22:32 Saved as file BACKUP1.MAX
Sun Jun 02 08:03:36 Saved as file BACKUP1.MAX
